RUN	test.scala.simulations.SimulationGit	simulationgit	1601433284409	 	3.3.1
USER	Account Load Simulation	8	START	1601433288758	1601433288758
USER	Account Load Simulation	7	START	1601433288757	1601433288757
USER	Account Load Simulation	5	START	1601433288757	1601433288757
USER	Account Load Simulation	4	START	1601433288757	1601433288757
USER	Account Load Simulation	9	START	1601433288757	1601433288757
USER	Account Load Simulation	2	START	1601433288757	1601433288757
USER	Account Load Simulation	10	START	1601433288757	1601433288757
USER	Account Load Simulation	6	START	1601433288757	1601433288757
USER	Account Load Simulation	11	START	1601433288758	1601433288758
USER	Account Load Simulation	3	START	1601433288757	1601433288757
USER	Account Load Simulation	1	START	1601433288757	1601433288757
REQUEST	5		Get commit /api/git/diff/d08a4b6	1601433288799	1601433289115	OK	 
REQUEST	3		Get commit /api/git/diff/d08a4b6	1601433288800	1601433289168	OK	 
USER	Account Load Simulation	12	START	1601433289250	1601433289250
REQUEST	8		Get commit /api/git/diff/d08a4b6	1601433288797	1601433289281	OK	 
REQUEST	11		Get commit /api/git/diff/d08a4b6	1601433288799	1601433289281	OK	 
REQUEST	4		Get commit /api/git/diff/d08a4b6	1601433288799	1601433289281	OK	 
REQUEST	7		Get commit /api/git/diff/d08a4b6	1601433288797	1601433289271	OK	 
REQUEST	6		Get commit /api/git/diff/d08a4b6	1601433288799	1601433289281	OK	 
REQUEST	10		Get commit /api/git/diff/d08a4b6	1601433288800	1601433289281	OK	 
REQUEST	9		Get commit /api/git/diff/d08a4b6	1601433288798	1601433289315	OK	 
REQUEST	2		Get commit /api/git/diff/d08a4b6	1601433288800	1601433289335	OK	 
REQUEST	1		Get commit /api/git/diff/d08a4b6	1601433288797	1601433289344	OK	 
REQUEST	12		Get commit /api/git/diff/d08a4b6	1601433289250	1601433289410	OK	 
USER	Account Load Simulation	13	START	1601433289746	1601433289746
REQUEST	13		Get commit /api/git/diff/d08a4b6	1601433289747	1601433289925	OK	 
USER	Account Load Simulation	14	START	1601433290245	1601433290245
REQUEST	5		Get commit /api/git/diff/d08a4b6	1601433290149	1601433290285	OK	 
REQUEST	3		Get commit /api/git/diff/d08a4b6	1601433290186	1601433290325	OK	 
REQUEST	14		Get commit /api/git/diff/d08a4b6	1601433290245	1601433290452	OK	 
REQUEST	10		Get commit /api/git/diff/d08a4b6	1601433290304	1601433290716	OK	 
REQUEST	6		Get commit /api/git/diff/d08a4b6	1601433290304	1601433290722	OK	 
USER	Account Load Simulation	15	START	1601433290749	1601433290749
REQUEST	8		Get commit /api/git/diff/d08a4b6	1601433290300	1601433290804	OK	 
REQUEST	7		Get commit /api/git/diff/d08a4b6	1601433290301	1601433290871	OK	 
REQUEST	4		Get commit /api/git/diff/d08a4b6	1601433290300	1601433290881	OK	 
REQUEST	2		Get commit /api/git/diff/d08a4b6	1601433290350	1601433290903	OK	 
REQUEST	1		Get commit /api/git/diff/d08a4b6	1601433290357	1601433290908	OK	 
REQUEST	11		Get commit /api/git/diff/d08a4b6	1601433290300	1601433290912	OK	 
REQUEST	12		Get commit /api/git/diff/d08a4b6	1601433290441	1601433290913	OK	 
REQUEST	9		Get commit /api/git/diff/d08a4b6	1601433290326	1601433290914	OK	 
REQUEST	15		Get commit /api/git/diff/d08a4b6	1601433290749	1601433291021	OK	 
REQUEST	13		Get commit /api/git/diff/d08a4b6	1601433290949	1601433291081	OK	 
USER	Account Load Simulation	16	START	1601433291244	1601433291244
REQUEST	16		Get commit /api/git/diff/d08a4b6	1601433291245	1601433291404	OK	 
REQUEST	5		Get commit /api/git/diff/d08a4b6	1601433291268	1601433291412	KO	status.find.in(200,201,202,203,204,205,206,207,208,209,210), but actually found 304
REQUEST	3		Get commit /api/git/diff/d08a4b6	1601433291329	1601433291449	KO	status.find.in(200,201,202,203,204,205,206,207,208,209,210), but actually found 304
REQUEST	14		Get commit /api/git/diff/d08a4b6	1601433291477	1601433291605	OK	 
USER	Account Load Simulation	17	START	1601433291752	1601433291752
REQUEST	10		Get commit /api/git/diff/d08a4b6	1601433291715	1601433292022	KO	status.find.in(200,201,202,203,204,205,206,207,208,209,210), but actually found 304
REQUEST	6		Get commit /api/git/diff/d08a4b6	1601433291715	1601433292190	KO	status.find.in(200,201,202,203,204,205,206,207,208,209,210), but actually found 304
REQUEST	17		Get commit /api/git/diff/d08a4b6	1601433291754	1601433292208	OK	 
REQUEST	8		Get commit /api/git/diff/d08a4b6	1601433291809	1601433292224	KO	status.find.in(200,201,202,203,204,205,206,207,208,209,210), but actually found 304
USER	Account Load Simulation	18	START	1601433292256	1601433292256
REQUEST	9		Get commit /api/git/diff/d08a4b6	1601433291916	1601433292269	KO	status.find.in(200,201,202,203,204,205,206,207,208,209,210), but actually found 304
REQUEST	11		Get commit /api/git/diff/d08a4b6	1601433291915	1601433292279	KO	status.find.in(200,201,202,203,204,205,206,207,208,209,210), but actually found 304
REQUEST	4		Get commit /api/git/diff/d08a4b6	1601433291888	1601433292284	KO	status.find.in(200,201,202,203,204,205,206,207,208,209,210), but actually found 304
REQUEST	2		Get commit /api/git/diff/d08a4b6	1601433291914	1601433292287	KO	status.find.in(200,201,202,203,204,205,206,207,208,209,210), but actually found 304
REQUEST	1		Get commit /api/git/diff/d08a4b6	1601433291915	1601433292287	KO	status.find.in(200,201,202,203,204,205,206,207,208,209,210), but actually found 304
REQUEST	7		Get commit /api/git/diff/d08a4b6	1601433291867	1601433292316	KO	status.find.in(200,201,202,203,204,205,206,207,208,209,210), but actually found 304
REQUEST	12		Get commit /api/git/diff/d08a4b6	1601433291914	1601433292329	KO	status.find.in(200,201,202,203,204,205,206,207,208,209,210), but actually found 304
REQUEST	15		Get commit /api/git/diff/d08a4b6	1601433292038	1601433292369	OK	 
REQUEST	13		Get commit /api/git/diff/d08a4b6	1601433292091	1601433292422	KO	status.find.in(200,201,202,203,204,205,206,207,208,209,210), but actually found 304
REQUEST	18		Get commit /api/git/diff/d08a4b6	1601433292257	1601433292574	OK	 
REQUEST	16		Get commit /api/git/diff/d08a4b6	1601433292416	1601433292617	OK	 
REQUEST	5		Get commit /api/git/diff/d08a4b6	1601433292416	1601433292684	KO	status.find.in(200,201,202,203,204,205,206,207,208,209,210), but actually found 304
REQUEST	3		Get commit /api/git/diff/d08a4b6	1601433292447	1601433292687	KO	status.find.in(200,201,202,203,204,205,206,207,208,209,210), but actually found 304
REQUEST	14		Get commit /api/git/diff/d08a4b6	1601433292599	1601433292739	KO	status.find.in(200,201,202,203,204,205,206,207,208,209,210), but actually found 304
USER	Account Load Simulation	19	START	1601433292755	1601433292755
REQUEST	19		Get commit /api/git/diff/d08a4b6	1601433292755	1601433292868	OK	 
REQUEST	10		Get commit /api/git/diff/d08a4b6	1601433293024	1601433293155	KO	status.find.in(200,201,202,203,204,205,206,207,208,209,210), but actually found 304
USER	Account Load Simulation	20	START	1601433293254	1601433293254
REQUEST	8		Get commit /api/git/diff/d08a4b6	1601433293214	1601433293585	KO	status.find.in(200,201,202,203,204,205,206,207,208,209,210), but actually found 304
REQUEST	6		Get commit /api/git/diff/d08a4b6	1601433293214	1601433293623	KO	status.find.in(200,201,202,203,204,205,206,207,208,209,210), but actually found 304
REQUEST	17		Get commit /api/git/diff/d08a4b6	1601433293224	1601433293663	OK	 
REQUEST	20		Get commit /api/git/diff/d08a4b6	1601433293255	1601433293688	OK	 
REQUEST	2		Get commit /api/git/diff/d08a4b6	1601433293279	1601433293691	KO	status.find.in(200,201,202,203,204,205,206,207,208,209,210), but actually found 304
USER	Account Load Simulation	21	START	1601433293753	1601433293753
REQUEST	7		Get commit /api/git/diff/d08a4b6	1601433293307	1601433293896	KO	status.find.in(200,201,202,203,204,205,206,207,208,209,210), but actually found 304
REQUEST	11		Get commit /api/git/diff/d08a4b6	1601433293278	1601433293919	KO	status.find.in(200,201,202,203,204,205,206,207,208,209,210), but actually found 304
REQUEST	15		Get commit /api/git/diff/d08a4b6	1601433293370	1601433293939	KO	status.find.in(200,201,202,203,204,205,206,207,208,209,210), but actually found 304
REQUEST	4		Get commit /api/git/diff/d08a4b6	1601433293279	1601433293943	KO	status.find.in(200,201,202,203,204,205,206,207,208,209,210), but actually found 304
REQUEST	12		Get commit /api/git/diff/d08a4b6	1601433293318	1601433293946	KO	status.find.in(200,201,202,203,204,205,206,207,208,209,210), but actually found 304
REQUEST	9		Get commit /api/git/diff/d08a4b6	1601433293284	1601433293949	KO	status.find.in(200,201,202,203,204,205,206,207,208,209,210), but actually found 304
REQUEST	1		Get commit /api/git/diff/d08a4b6	1601433293284	1601433293971	KO	status.find.in(200,201,202,203,204,205,206,207,208,209,210), but actually found 304
REQUEST	16		Get commit /api/git/diff/d08a4b6	1601433293640	1601433294043	KO	status.find.in(200,201,202,203,204,205,206,207,208,209,210), but actually found 304
REQUEST	13		Get commit /api/git/diff/d08a4b6	1601433293413	1601433294123	KO	status.find.in(200,201,202,203,204,205,206,207,208,209,210), but actually found 304
REQUEST	18		Get commit /api/git/diff/d08a4b6	1601433293608	1601433294130	OK	 
REQUEST	3		Get commit /api/git/diff/d08a4b6	1601433293694	1601433294162	KO	status.find.in(200,201,202,203,204,205,206,207,208,209,210), but actually found 304
REQUEST	21		Get commit /api/git/diff/d08a4b6	1601433293754	1601433294183	OK	 
REQUEST	5		Get commit /api/git/diff/d08a4b6	1601433293694	1601433294202	KO	status.find.in(200,201,202,203,204,205,206,207,208,209,210), but actually found 304
USER	Account Load Simulation	22	START	1601433294257	1601433294257
REQUEST	14		Get commit /api/git/diff/d08a4b6	1601433293749	1601433294264	KO	status.find.in(200,201,202,203,204,205,206,207,208,209,210), but actually found 304
REQUEST	19		Get commit /api/git/diff/d08a4b6	1601433293878	1601433294272	OK	 
REQUEST	10		Get commit /api/git/diff/d08a4b6	1601433294164	1601433294324	KO	status.find.in(200,201,202,203,204,205,206,207,208,209,210), but actually found 304
REQUEST	22		Get commit /api/git/diff/d08a4b6	1601433294257	1601433294381	OK	 
USER	Account Load Simulation	23	START	1601433294754	1601433294754
REQUEST	8		Get commit /api/git/diff/d08a4b6	1601433294584	1601433294783	KO	status.find.in(200,201,202,203,204,205,206,207,208,209,210), but actually found 304
REQUEST	6		Get commit /api/git/diff/d08a4b6	1601433294617	1601433294809	KO	status.find.in(200,201,202,203,204,205,206,207,208,209,210), but actually found 304
REQUEST	17		Get commit /api/git/diff/d08a4b6	1601433294665	1601433294851	KO	status.find.in(200,201,202,203,204,205,206,207,208,209,210), but actually found 304
REQUEST	2		Get commit /api/git/diff/d08a4b6	1601433294694	1601433294893	KO	status.find.in(200,201,202,203,204,205,206,207,208,209,210), but actually found 304
REQUEST	20		Get commit /api/git/diff/d08a4b6	1601433294706	1601433294895	OK	 
REQUEST	23		Get commit /api/git/diff/d08a4b6	1601433294755	1601433294906	OK	 
REQUEST	11		Get commit /api/git/diff/d08a4b6	1601433294924	1601433295198	KO	status.find.in(200,201,202,203,204,205,206,207,208,209,210), but actually found 304
REQUEST	7		Get commit /api/git/diff/d08a4b6	1601433294908	1601433295248	KO	status.find.in(200,201,202,203,204,205,206,207,208,209,210), but actually found 304
REQUEST	12		Get commit /api/git/diff/d08a4b6	1601433294963	1601433295250	KO	status.find.in(200,201,202,203,204,205,206,207,208,209,210), but actually found 304
REQUEST	9		Get commit /api/git/diff/d08a4b6	1601433294945	1601433295252	KO	status.find.in(200,201,202,203,204,205,206,207,208,209,210), but actually found 304
USER	Account Load Simulation	24	START	1601433295281	1601433295281
REQUEST	4		Get commit /api/git/diff/d08a4b6	1601433294945	1601433295305	KO	status.find.in(200,201,202,203,204,205,206,207,208,209,210), but actually found 304
REQUEST	15		Get commit /api/git/diff/d08a4b6	1601433294962	1601433295309	KO	status.find.in(200,201,202,203,204,205,206,207,208,209,210), but actually found 304
REQUEST	1		Get commit /api/git/diff/d08a4b6	1601433294989	1601433295409	KO	status.find.in(200,201,202,203,204,205,206,207,208,209,210), but actually found 304
REQUEST	16		Get commit /api/git/diff/d08a4b6	1601433295028	1601433295417	KO	status.find.in(200,201,202,203,204,205,206,207,208,209,210), but actually found 304
REQUEST	13		Get commit /api/git/diff/d08a4b6	1601433295125	1601433295504	KO	status.find.in(200,201,202,203,204,205,206,207,208,209,210), but actually found 304
REQUEST	18		Get commit /api/git/diff/d08a4b6	1601433295119	1601433295507	KO	status.find.in(200,201,202,203,204,205,206,207,208,209,210), but actually found 304
REQUEST	3		Get commit /api/git/diff/d08a4b6	1601433295174	1601433295509	KO	status.find.in(200,201,202,203,204,205,206,207,208,209,210), but actually found 304
REQUEST	14		Get commit /api/git/diff/d08a4b6	1601433295259	1601433295631	KO	status.find.in(200,201,202,203,204,205,206,207,208,209,210), but actually found 304
REQUEST	5		Get commit /api/git/diff/d08a4b6	1601433295203	1601433295642	KO	status.find.in(200,201,202,203,204,205,206,207,208,209,210), but actually found 304
REQUEST	24		Get commit /api/git/diff/d08a4b6	1601433295281	1601433295676	OK	 
REQUEST	19		Get commit /api/git/diff/d08a4b6	1601433295282	1601433295682	KO	status.find.in(200,201,202,203,204,205,206,207,208,209,210), but actually found 304
REQUEST	21		Get commit /api/git/diff/d08a4b6	1601433295202	1601433295682	OK	 
REQUEST	10		Get commit /api/git/diff/d08a4b6	1601433295328	1601433295688	KO	status.find.in(200,201,202,203,204,205,206,207,208,209,210), but actually found 304
REQUEST	22		Get commit /api/git/diff/d08a4b6	1601433295416	1601433295749	OK	 
USER	Account Load Simulation	25	START	1601433295765	1601433295765
REQUEST	25		Get commit /api/git/diff/d08a4b6	1601433295765	1601433296003	OK	 
REQUEST	8		Get commit /api/git/diff/d08a4b6	1601433295776	1601433296189	KO	status.find.in(200,201,202,203,204,205,206,207,208,209,210), but actually found 304
REQUEST	6		Get commit /api/git/diff/d08a4b6	1601433295794	1601433296193	KO	status.find.in(200,201,202,203,204,205,206,207,208,209,210), but actually found 304
USER	Account Load Simulation	26	START	1601433296260	1601433296260
REQUEST	17		Get commit /api/git/diff/d08a4b6	1601433295858	1601433296532	KO	status.find.in(200,201,202,203,204,205,206,207,208,209,210), but actually found 304
REQUEST	2		Get commit /api/git/diff/d08a4b6	1601433295909	1601433296595	KO	status.find.in(200,201,202,203,204,205,206,207,208,209,210), but actually found 304
REQUEST	20		Get commit /api/git/diff/d08a4b6	1601433295913	1601433296714	KO	status.find.in(200,201,202,203,204,205,206,207,208,209,210), but actually found 304
USER	Account Load Simulation	27	START	1601433296761	1601433296761
REQUEST	23		Get commit /api/git/diff/d08a4b6	1601433295914	1601433297036	OK	 
REQUEST	4		Get commit /api/git/diff/d08a4b6	1601433296321	1601433297123	KO	status.find.in(200,201,202,203,204,205,206,207,208,209,210), but actually found 304
REQUEST	16		Get commit /api/git/diff/d08a4b6	1601433296429	1601433297204	KO	status.find.in(200,201,202,203,204,205,206,207,208,209,210), but actually found 304
USER	Account Load Simulation	28	START	1601433297257	1601433297257
REQUEST	11		Get commit /api/git/diff/d08a4b6	1601433296185	1601433297316	KO	status.find.in(200,201,202,203,204,205,206,207,208,209,210), but actually found 304
REQUEST	7		Get commit /api/git/diff/d08a4b6	1601433296259	1601433297352	KO	status.find.in(200,201,202,203,204,205,206,207,208,209,210), but actually found 304
REQUEST	3		Get commit /api/git/diff/d08a4b6	1601433296540	1601433297355	KO	status.find.in(200,201,202,203,204,205,206,207,208,209,210), but actually found 304
REQUEST	12		Get commit /api/git/diff/d08a4b6	1601433296258	1601433297357	KO	status.find.in(200,201,202,203,204,205,206,207,208,209,210), but actually found 304
REQUEST	9		Get commit /api/git/diff/d08a4b6	1601433296260	1601433297360	KO	status.find.in(200,201,202,203,204,205,206,207,208,209,210), but actually found 304
REQUEST	18		Get commit /api/git/diff/d08a4b6	1601433296541	1601433297366	KO	status.find.in(200,201,202,203,204,205,206,207,208,209,210), but actually found 304
REQUEST	15		Get commit /api/git/diff/d08a4b6	1601433296322	1601433297433	KO	status.find.in(200,201,202,203,204,205,206,207,208,209,210), but actually found 304
REQUEST	24		Get commit /api/git/diff/d08a4b6	1601433296709	1601433297457	OK	 
REQUEST	13		Get commit /api/git/diff/d08a4b6	1601433296540	1601433297529	KO	status.find.in(200,201,202,203,204,205,206,207,208,209,210), but actually found 304
REQUEST	5		Get commit /api/git/diff/d08a4b6	1601433296646	1601433297535	KO	status.find.in(200,201,202,203,204,205,206,207,208,209,210), but actually found 304
USER	Account Load Simulation	29	START	1601433297748	1601433297748
REQUEST	19		Get commit /api/git/diff/d08a4b6	1601433296678	1601433297769	KO	status.find.in(200,201,202,203,204,205,206,207,208,209,210), but actually found 304
REQUEST	14		Get commit /api/git/diff/d08a4b6	1601433296645	1601433297925	KO	status.find.in(200,201,202,203,204,205,206,207,208,209,210), but actually found 304
REQUEST	1		Get commit /api/git/diff/d08a4b6	1601433296429	1601433297930	KO	status.find.in(200,201,202,203,204,205,206,207,208,209,210), but actually found 304
REQUEST	22		Get commit /api/git/diff/d08a4b6	1601433296727	1601433297932	KO	status.find.in(200,201,202,203,204,205,206,207,208,209,210), but actually found 304
REQUEST	21		Get commit /api/git/diff/d08a4b6	1601433296679	1601433297933	KO	status.find.in(200,201,202,203,204,205,206,207,208,209,210), but actually found 304
REQUEST	25		Get commit /api/git/diff/d08a4b6	1601433297029	1601433298004	OK	 
REQUEST	27		Get commit /api/git/diff/d08a4b6	1601433296762	1601433298005	OK	 
REQUEST	8		Get commit /api/git/diff/d08a4b6	1601433297237	1601433298019	KO	status.find.in(200,201,202,203,204,205,206,207,208,209,210), but actually found 304
REQUEST	28		Get commit /api/git/diff/d08a4b6	1601433297258	1601433298019	OK	 
REQUEST	10		Get commit /api/git/diff/d08a4b6	1601433296679	1601433298043	KO	status.find.in(200,201,202,203,204,205,206,207,208,209,210), but actually found 304
REQUEST	26		Get commit /api/git/diff/d08a4b6	1601433296260	1601433298063	OK	 
REQUEST	17		Get commit /api/git/diff/d08a4b6	1601433297528	1601433298078	KO	status.find.in(200,201,202,203,204,205,206,207,208,209,210), but actually found 304
REQUEST	20		Get commit /api/git/diff/d08a4b6	1601433297714	1601433298211	KO	status.find.in(200,201,202,203,204,205,206,207,208,209,210), but actually found 304
REQUEST	29		Get commit /api/git/diff/d08a4b6	1601433297749	1601433298217	OK	 
REQUEST	2		Get commit /api/git/diff/d08a4b6	1601433297631	1601433298218	KO	status.find.in(200,201,202,203,204,205,206,207,208,209,210), but actually found 304
REQUEST	6		Get commit /api/git/diff/d08a4b6	1601433297236	1601433298228	KO	status.find.in(200,201,202,203,204,205,206,207,208,209,210), but actually found 304
USER	Account Load Simulation	30	START	1601433298250	1601433298250
REQUEST	23		Get commit /api/git/diff/d08a4b6	1601433298069	1601433298276	KO	status.find.in(200,201,202,203,204,205,206,207,208,209,210), but actually found 304
REQUEST	4		Get commit /api/git/diff/d08a4b6	1601433298111	1601433298295	KO	status.find.in(200,201,202,203,204,205,206,207,208,209,210), but actually found 304
REQUEST	16		Get commit /api/git/diff/d08a4b6	1601433298186	1601433298388	KO	status.find.in(200,201,202,203,204,205,206,207,208,209,210), but actually found 304
REQUEST	30		Get commit /api/git/diff/d08a4b6	1601433298251	1601433298434	OK	 
REQUEST	3		Get commit /api/git/diff/d08a4b6	1601433298318	1601433298588	KO	status.find.in(200,201,202,203,204,205,206,207,208,209,210), but actually found 304
REQUEST	18		Get commit /api/git/diff/d08a4b6	1601433298329	1601433298644	KO	status.find.in(200,201,202,203,204,205,206,207,208,209,210), but actually found 304
REQUEST	11		Get commit /api/git/diff/d08a4b6	1601433298329	1601433298695	KO	status.find.in(200,201,202,203,204,205,206,207,208,209,210), but actually found 304
REQUEST	9		Get commit /api/git/diff/d08a4b6	1601433298346	1601433298704	KO	status.find.in(200,201,202,203,204,205,206,207,208,209,210), but actually found 304
REQUEST	7		Get commit /api/git/diff/d08a4b6	1601433298346	1601433298779	KO	status.find.in(200,201,202,203,204,205,206,207,208,209,210), but actually found 304
REQUEST	13		Get commit /api/git/diff/d08a4b6	1601433298498	1601433298860	KO	status.find.in(200,201,202,203,204,205,206,207,208,209,210), but actually found 304
REQUEST	15		Get commit /api/git/diff/d08a4b6	1601433298420	1601433298865	KO	status.find.in(200,201,202,203,204,205,206,207,208,209,210), but actually found 304
REQUEST	24		Get commit /api/git/diff/d08a4b6	1601433298471	1601433298869	KO	status.find.in(200,201,202,203,204,205,206,207,208,209,210), but actually found 304
REQUEST	12		Get commit /api/git/diff/d08a4b6	1601433298334	1601433298874	KO	status.find.in(200,201,202,203,204,205,206,207,208,209,210), but actually found 304
REQUEST	5		Get commit /api/git/diff/d08a4b6	1601433298529	1601433298934	KO	status.find.in(200,201,202,203,204,205,206,207,208,209,210), but actually found 304
REQUEST	19		Get commit /api/git/diff/d08a4b6	1601433298857	1601433299321	KO	status.find.in(200,201,202,203,204,205,206,207,208,209,210), but actually found 304
REQUEST	22		Get commit /api/git/diff/d08a4b6	1601433298936	1601433299419	KO	status.find.in(200,201,202,203,204,205,206,207,208,209,210), but actually found 304
REQUEST	14		Get commit /api/git/diff/d08a4b6	1601433298913	1601433299452	KO	status.find.in(200,201,202,203,204,205,206,207,208,209,210), but actually found 304
REQUEST	8		Get commit /api/git/diff/d08a4b6	1601433298989	1601433299490	KO	status.find.in(200,201,202,203,204,205,206,207,208,209,210), but actually found 304
REQUEST	27		Get commit /api/git/diff/d08a4b6	1601433299037	1601433299571	OK	 
REQUEST	17		Get commit /api/git/diff/d08a4b6	1601433299072	1601433299581	KO	status.find.in(200,201,202,203,204,205,206,207,208,209,210), but actually found 304
REQUEST	1		Get commit /api/git/diff/d08a4b6	1601433298896	1601433299584	KO	status.find.in(200,201,202,203,204,205,206,207,208,209,210), but actually found 304
REQUEST	26		Get commit /api/git/diff/d08a4b6	1601433299079	1601433299584	OK	 
REQUEST	25		Get commit /api/git/diff/d08a4b6	1601433299009	1601433299587	KO	status.find.in(200,201,202,203,204,205,206,207,208,209,210), but actually found 304
REQUEST	28		Get commit /api/git/diff/d08a4b6	1601433299037	1601433299593	OK	 
REQUEST	21		Get commit /api/git/diff/d08a4b6	1601433298937	1601433299603	KO	status.find.in(200,201,202,203,204,205,206,207,208,209,210), but actually found 304
REQUEST	10		Get commit /api/git/diff/d08a4b6	1601433299037	1601433299639	KO	status.find.in(200,201,202,203,204,205,206,207,208,209,210), but actually found 304
REQUEST	2		Get commit /api/git/diff/d08a4b6	1601433299176	1601433299759	KO	status.find.in(200,201,202,203,204,205,206,207,208,209,210), but actually found 304
REQUEST	6		Get commit /api/git/diff/d08a4b6	1601433299204	1601433299936	KO	status.find.in(200,201,202,203,204,205,206,207,208,209,210), but actually found 304
REQUEST	29		Get commit /api/git/diff/d08a4b6	1601433299266	1601433300070	OK	 
REQUEST	4		Get commit /api/git/diff/d08a4b6	1601433299293	1601433300085	KO	status.find.in(200,201,202,203,204,205,206,207,208,209,210), but actually found 304
REQUEST	16		Get commit /api/git/diff/d08a4b6	1601433299405	1601433300110	KO	status.find.in(200,201,202,203,204,205,206,207,208,209,210), but actually found 304
REQUEST	20		Get commit /api/git/diff/d08a4b6	1601433299204	1601433300179	KO	status.find.in(200,201,202,203,204,205,206,207,208,209,210), but actually found 304
REQUEST	11		Get commit /api/git/diff/d08a4b6	1601433299699	1601433300201	KO	status.find.in(200,201,202,203,204,205,206,207,208,209,210), but actually found 304
REQUEST	3		Get commit /api/git/diff/d08a4b6	1601433299574	1601433300202	KO	status.find.in(200,201,202,203,204,205,206,207,208,209,210), but actually found 304
REQUEST	23		Get commit /api/git/diff/d08a4b6	1601433299267	1601433300215	KO	status.find.in(200,201,202,203,204,205,206,207,208,209,210), but actually found 304
REQUEST	18		Get commit /api/git/diff/d08a4b6	1601433299678	1601433300224	KO	status.find.in(200,201,202,203,204,205,206,207,208,209,210), but actually found 304
REQUEST	30		Get commit /api/git/diff/d08a4b6	1601433299459	1601433300248	OK	 
REQUEST	9		Get commit /api/git/diff/d08a4b6	1601433299719	1601433300406	KO	status.find.in(200,201,202,203,204,205,206,207,208,209,210), but actually found 304
REQUEST	7		Get commit /api/git/diff/d08a4b6	1601433299834	1601433300414	KO	status.find.in(200,201,202,203,204,205,206,207,208,209,210), but actually found 304
REQUEST	13		Get commit /api/git/diff/d08a4b6	1601433299849	1601433300506	KO	status.find.in(200,201,202,203,204,205,206,207,208,209,210), but actually found 304
REQUEST	5		Get commit /api/git/diff/d08a4b6	1601433299943	1601433300538	KO	status.find.in(200,201,202,203,204,205,206,207,208,209,210), but actually found 304
REQUEST	15		Get commit /api/git/diff/d08a4b6	1601433299835	1601433300572	KO	status.find.in(200,201,202,203,204,205,206,207,208,209,210), but actually found 304
REQUEST	19		Get commit /api/git/diff/d08a4b6	1601433300251	1601433300588	KO	status.find.in(200,201,202,203,204,205,206,207,208,209,210), but actually found 304
REQUEST	24		Get commit /api/git/diff/d08a4b6	1601433299849	1601433300613	KO	status.find.in(200,201,202,203,204,205,206,207,208,209,210), but actually found 304
REQUEST	12		Get commit /api/git/diff/d08a4b6	1601433299865	1601433300667	KO	status.find.in(200,201,202,203,204,205,206,207,208,209,210), but actually found 304
REQUEST	14		Get commit /api/git/diff/d08a4b6	1601433300449	1601433301006	KO	status.find.in(200,201,202,203,204,205,206,207,208,209,210), but actually found 304
REQUEST	17		Get commit /api/git/diff/d08a4b6	1601433300584	1601433301031	KO	status.find.in(200,201,202,203,204,205,206,207,208,209,210), but actually found 304
REQUEST	26		Get commit /api/git/diff/d08a4b6	1601433300584	1601433301066	KO	status.find.in(200,201,202,203,204,205,206,207,208,209,210), but actually found 304
REQUEST	8		Get commit /api/git/diff/d08a4b6	1601433300486	1601433301076	KO	status.find.in(200,201,202,203,204,205,206,207,208,209,210), but actually found 304
REQUEST	28		Get commit /api/git/diff/d08a4b6	1601433300598	1601433301092	KO	status.find.in(200,201,202,203,204,205,206,207,208,209,210), but actually found 304
REQUEST	25		Get commit /api/git/diff/d08a4b6	1601433300579	1601433301101	KO	status.find.in(200,201,202,203,204,205,206,207,208,209,210), but actually found 304
REQUEST	22		Get commit /api/git/diff/d08a4b6	1601433300425	1601433301107	KO	status.find.in(200,201,202,203,204,205,206,207,208,209,210), but actually found 304
REQUEST	21		Get commit /api/git/diff/d08a4b6	1601433300609	1601433301109	KO	status.find.in(200,201,202,203,204,205,206,207,208,209,210), but actually found 304
REQUEST	27		Get commit /api/git/diff/d08a4b6	1601433300557	1601433301112	KO	status.find.in(200,201,202,203,204,205,206,207,208,209,210), but actually found 304
REQUEST	10		Get commit /api/git/diff/d08a4b6	1601433300650	1601433301168	KO	status.find.in(200,201,202,203,204,205,206,207,208,209,210), but actually found 304
REQUEST	1		Get commit /api/git/diff/d08a4b6	1601433300584	1601433301209	KO	status.find.in(200,201,202,203,204,205,206,207,208,209,210), but actually found 304
REQUEST	2		Get commit /api/git/diff/d08a4b6	1601433300752	1601433301245	KO	status.find.in(200,201,202,203,204,205,206,207,208,209,210), but actually found 304
REQUEST	29		Get commit /api/git/diff/d08a4b6	1601433301041	1601433301413	KO	status.find.in(200,201,202,203,204,205,206,207,208,209,210), but actually found 304
REQUEST	6		Get commit /api/git/diff/d08a4b6	1601433300933	1601433301416	KO	status.find.in(200,201,202,203,204,205,206,207,208,209,210), but actually found 304
REQUEST	4		Get commit /api/git/diff/d08a4b6	1601433301086	1601433301464	KO	status.find.in(200,201,202,203,204,205,206,207,208,209,210), but actually found 304
REQUEST	11		Get commit /api/git/diff/d08a4b6	1601433301190	1601433301485	KO	status.find.in(200,201,202,203,204,205,206,207,208,209,210), but actually found 304
REQUEST	16		Get commit /api/git/diff/d08a4b6	1601433301115	1601433301582	KO	status.find.in(200,201,202,203,204,205,206,207,208,209,210), but actually found 304
REQUEST	23		Get commit /api/git/diff/d08a4b6	1601433301202	1601433301601	KO	status.find.in(200,201,202,203,204,205,206,207,208,209,210), but actually found 304
REQUEST	20		Get commit /api/git/diff/d08a4b6	1601433301189	1601433301655	KO	status.find.in(200,201,202,203,204,205,206,207,208,209,210), but actually found 304
REQUEST	3		Get commit /api/git/diff/d08a4b6	1601433301202	1601433301666	KO	status.find.in(200,201,202,203,204,205,206,207,208,209,210), but actually found 304
REQUEST	18		Get commit /api/git/diff/d08a4b6	1601433301203	1601433301667	KO	status.find.in(200,201,202,203,204,205,206,207,208,209,210), but actually found 304
REQUEST	30		Get commit /api/git/diff/d08a4b6	1601433301241	1601433301702	KO	status.find.in(200,201,202,203,204,205,206,207,208,209,210), but actually found 304
REQUEST	7		Get commit /api/git/diff/d08a4b6	1601433301345	1601433301723	KO	status.find.in(200,201,202,203,204,205,206,207,208,209,210), but actually found 304
REQUEST	9		Get commit /api/git/diff/d08a4b6	1601433301399	1601433301765	KO	status.find.in(200,201,202,203,204,205,206,207,208,209,210), but actually found 304
REQUEST	13		Get commit /api/git/diff/d08a4b6	1601433301507	1601433301785	KO	status.find.in(200,201,202,203,204,205,206,207,208,209,210), but actually found 304
REQUEST	19		Get commit /api/git/diff/d08a4b6	1601433301582	1601433301897	KO	status.find.in(200,201,202,203,204,205,206,207,208,209,210), but actually found 304
REQUEST	5		Get commit /api/git/diff/d08a4b6	1601433301527	1601433301910	KO	status.find.in(200,201,202,203,204,205,206,207,208,209,210), but actually found 304
REQUEST	24		Get commit /api/git/diff/d08a4b6	1601433301616	1601433301931	KO	status.find.in(200,201,202,203,204,205,206,207,208,209,210), but actually found 304
REQUEST	12		Get commit /api/git/diff/d08a4b6	1601433301680	1601433301935	KO	status.find.in(200,201,202,203,204,205,206,207,208,209,210), but actually found 304
REQUEST	15		Get commit /api/git/diff/d08a4b6	1601433301581	1601433301937	KO	status.find.in(200,201,202,203,204,205,206,207,208,209,210), but actually found 304
REQUEST	17		Get commit /api/git/diff/d08a4b6	1601433302034	1601433302272	KO	status.find.in(200,201,202,203,204,205,206,207,208,209,210), but actually found 304
REQUEST	14		Get commit /api/git/diff/d08a4b6	1601433302008	1601433302363	KO	status.find.in(200,201,202,203,204,205,206,207,208,209,210), but actually found 304
REQUEST	26		Get commit /api/git/diff/d08a4b6	1601433302078	1601433302372	KO	status.find.in(200,201,202,203,204,205,206,207,208,209,210), but actually found 304
REQUEST	28		Get commit /api/git/diff/d08a4b6	1601433302089	1601433302504	KO	status.find.in(200,201,202,203,204,205,206,207,208,209,210), but actually found 304
REQUEST	8		Get commit /api/git/diff/d08a4b6	1601433302089	1601433302509	KO	status.find.in(200,201,202,203,204,205,206,207,208,209,210), but actually found 304
REQUEST	22		Get commit /api/git/diff/d08a4b6	1601433302108	1601433302514	KO	status.find.in(200,201,202,203,204,205,206,207,208,209,210), but actually found 304
REQUEST	27		Get commit /api/git/diff/d08a4b6	1601433302114	1601433302515	KO	status.find.in(200,201,202,203,204,205,206,207,208,209,210), but actually found 304
REQUEST	25		Get commit /api/git/diff/d08a4b6	1601433302107	1601433302589	KO	status.find.in(200,201,202,203,204,205,206,207,208,209,210), but actually found 304
REQUEST	2		Get commit /api/git/diff/d08a4b6	1601433302245	1601433302671	KO	status.find.in(200,201,202,203,204,205,206,207,208,209,210), but actually found 304
USER	Account Load Simulation	3	END	1601433288757	1601433302679
REQUEST	21		Get commit /api/git/diff/d08a4b6	1601433302109	1601433302679	KO	status.find.in(200,201,202,203,204,205,206,207,208,209,210), but actually found 304
REQUEST	10		Get commit /api/git/diff/d08a4b6	1601433302164	1601433302817	KO	status.find.in(200,201,202,203,204,205,206,207,208,209,210), but actually found 304
REQUEST	1		Get commit /api/git/diff/d08a4b6	1601433302222	1601433302819	KO	status.find.in(200,201,202,203,204,205,206,207,208,209,210), but actually found 304
USER	Account Load Simulation	5	END	1601433288757	1601433302923
REQUEST	29		Get commit /api/git/diff/d08a4b6	1601433302415	1601433302977	KO	status.find.in(200,201,202,203,204,205,206,207,208,209,210), but actually found 304
REQUEST	4		Get commit /api/git/diff/d08a4b6	1601433302480	1601433302987	KO	status.find.in(200,201,202,203,204,205,206,207,208,209,210), but actually found 304
REQUEST	6		Get commit /api/git/diff/d08a4b6	1601433302411	1601433303211	KO	status.find.in(200,201,202,203,204,205,206,207,208,209,210), but actually found 304
REQUEST	16		Get commit /api/git/diff/d08a4b6	1601433302557	1601433303218	KO	status.find.in(200,201,202,203,204,205,206,207,208,209,210), but actually found 304
REQUEST	20		Get commit /api/git/diff/d08a4b6	1601433302638	1601433303283	KO	status.find.in(200,201,202,203,204,205,206,207,208,209,210), but actually found 304
REQUEST	23		Get commit /api/git/diff/d08a4b6	1601433302599	1601433303287	KO	status.find.in(200,201,202,203,204,205,206,207,208,209,210), but actually found 304
REQUEST	11		Get commit /api/git/diff/d08a4b6	1601433302509	1601433303287	KO	status.find.in(200,201,202,203,204,205,206,207,208,209,210), but actually found 304
REQUEST	18		Get commit /api/git/diff/d08a4b6	1601433302645	1601433303296	KO	status.find.in(200,201,202,203,204,205,206,207,208,209,210), but actually found 304
REQUEST	30		Get commit /api/git/diff/d08a4b6	1601433302716	1601433303327	KO	status.find.in(200,201,202,203,204,205,206,207,208,209,210), but actually found 304
REQUEST	9		Get commit /api/git/diff/d08a4b6	1601433302767	1601433303330	KO	status.find.in(200,201,202,203,204,205,206,207,208,209,210), but actually found 304
REQUEST	13		Get commit /api/git/diff/d08a4b6	1601433302786	1601433303341	KO	status.find.in(200,201,202,203,204,205,206,207,208,209,210), but actually found 304
REQUEST	7		Get commit /api/git/diff/d08a4b6	1601433302737	1601433303398	KO	status.find.in(200,201,202,203,204,205,206,207,208,209,210), but actually found 304
USER	Account Load Simulation	8	END	1601433288758	1601433303486
REQUEST	24		Get commit /api/git/diff/d08a4b6	1601433302924	1601433303544	KO	status.find.in(200,201,202,203,204,205,206,207,208,209,210), but actually found 304
REQUEST	19		Get commit /api/git/diff/d08a4b6	1601433302898	1601433303667	KO	status.find.in(200,201,202,203,204,205,206,207,208,209,210), but actually found 304
REQUEST	12		Get commit /api/git/diff/d08a4b6	1601433302924	1601433303672	KO	status.find.in(200,201,202,203,204,205,206,207,208,209,210), but actually found 304
USER	Account Load Simulation	2	END	1601433288757	1601433303686
REQUEST	15		Get commit /api/git/diff/d08a4b6	1601433302960	1601433303726	KO	status.find.in(200,201,202,203,204,205,206,207,208,209,210), but actually found 304
REQUEST	14		Get commit /api/git/diff/d08a4b6	1601433303355	1601433303772	KO	status.find.in(200,201,202,203,204,205,206,207,208,209,210), but actually found 304
REQUEST	17		Get commit /api/git/diff/d08a4b6	1601433303260	1601433303773	KO	status.find.in(200,201,202,203,204,205,206,207,208,209,210), but actually found 304
USER	Account Load Simulation	10	END	1601433288757	1601433303834
REQUEST	26		Get commit /api/git/diff/d08a4b6	1601433303371	1601433303871	KO	status.find.in(200,201,202,203,204,205,206,207,208,209,210), but actually found 304
USER	Account Load Simulation	4	END	1601433288757	1601433303961
REQUEST	28		Get commit /api/git/diff/d08a4b6	1601433303502	1601433303982	KO	status.find.in(200,201,202,203,204,205,206,207,208,209,210), but actually found 304
REQUEST	27		Get commit /api/git/diff/d08a4b6	1601433303540	1601433304042	KO	status.find.in(200,201,202,203,204,205,206,207,208,209,210), but actually found 304
REQUEST	22		Get commit /api/git/diff/d08a4b6	1601433303539	1601433304043	KO	status.find.in(200,201,202,203,204,205,206,207,208,209,210), but actually found 304
REQUEST	25		Get commit /api/git/diff/d08a4b6	1601433303589	1601433304045	KO	status.find.in(200,201,202,203,204,205,206,207,208,209,210), but actually found 304
REQUEST	21		Get commit /api/git/diff/d08a4b6	1601433303687	1601433304071	KO	status.find.in(200,201,202,203,204,205,206,207,208,209,210), but actually found 304
REQUEST	1		Get commit /api/git/diff/d08a4b6	1601433303806	1601433304109	KO	status.find.in(200,201,202,203,204,205,206,207,208,209,210), but actually found 304
REQUEST	29		Get commit /api/git/diff/d08a4b6	1601433303984	1601433304135	KO	status.find.in(200,201,202,203,204,205,206,207,208,209,210), but actually found 304
USER	Account Load Simulation	6	END	1601433288757	1601433304205
USER	Account Load Simulation	11	END	1601433288758	1601433304264
USER	Account Load Simulation	9	END	1601433288757	1601433304325
USER	Account Load Simulation	13	END	1601433289746	1601433304349
USER	Account Load Simulation	7	END	1601433288757	1601433304402
REQUEST	16		Get commit /api/git/diff/d08a4b6	1601433304238	1601433304453	KO	status.find.in(200,201,202,203,204,205,206,207,208,209,210), but actually found 304
REQUEST	20		Get commit /api/git/diff/d08a4b6	1601433304286	1601433304516	KO	status.find.in(200,201,202,203,204,205,206,207,208,209,210), but actually found 304
REQUEST	23		Get commit /api/git/diff/d08a4b6	1601433304297	1601433304519	KO	status.find.in(200,201,202,203,204,205,206,207,208,209,210), but actually found 304
REQUEST	18		Get commit /api/git/diff/d08a4b6	1601433304313	1601433304520	KO	status.find.in(200,201,202,203,204,205,206,207,208,209,210), but actually found 304
REQUEST	30		Get commit /api/git/diff/d08a4b6	1601433304321	1601433304574	KO	status.find.in(200,201,202,203,204,205,206,207,208,209,210), but actually found 304
REQUEST	24		Get commit /api/git/diff/d08a4b6	1601433304555	1601433304683	KO	status.find.in(200,201,202,203,204,205,206,207,208,209,210), but actually found 304
USER	Account Load Simulation	12	END	1601433289250	1601433304685
USER	Account Load Simulation	14	END	1601433290245	1601433304778
REQUEST	19		Get commit /api/git/diff/d08a4b6	1601433304674	1601433304809	KO	status.find.in(200,201,202,203,204,205,206,207,208,209,210), but actually found 304
REQUEST	15		Get commit /api/git/diff/d08a4b6	1601433304729	1601433304871	KO	status.find.in(200,201,202,203,204,205,206,207,208,209,210), but actually found 304
REQUEST	17		Get commit /api/git/diff/d08a4b6	1601433304789	1601433304958	KO	status.find.in(200,201,202,203,204,205,206,207,208,209,210), but actually found 304
REQUEST	26		Get commit /api/git/diff/d08a4b6	1601433304859	1601433305013	KO	status.find.in(200,201,202,203,204,205,206,207,208,209,210), but actually found 304
USER	Account Load Simulation	1	END	1601433288757	1601433305112
REQUEST	28		Get commit /api/git/diff/d08a4b6	1601433304988	1601433305265	KO	status.find.in(200,201,202,203,204,205,206,207,208,209,210), but actually found 304
REQUEST	22		Get commit /api/git/diff/d08a4b6	1601433305014	1601433305268	KO	status.find.in(200,201,202,203,204,205,206,207,208,209,210), but actually found 304
REQUEST	27		Get commit /api/git/diff/d08a4b6	1601433305014	1601433305279	KO	status.find.in(200,201,202,203,204,205,206,207,208,209,210), but actually found 304
REQUEST	21		Get commit /api/git/diff/d08a4b6	1601433305056	1601433305336	KO	status.find.in(200,201,202,203,204,205,206,207,208,209,210), but actually found 304
REQUEST	25		Get commit /api/git/diff/d08a4b6	1601433305038	1601433305338	KO	status.find.in(200,201,202,203,204,205,206,207,208,209,210), but actually found 304
REQUEST	29		Get commit /api/git/diff/d08a4b6	1601433305127	1601433305427	KO	status.find.in(200,201,202,203,204,205,206,207,208,209,210), but actually found 304
USER	Account Load Simulation	16	END	1601433291244	1601433305448
REQUEST	23		Get commit /api/git/diff/d08a4b6	1601433305519	1601433305730	KO	status.find.in(200,201,202,203,204,205,206,207,208,209,210), but actually found 304
REQUEST	20		Get commit /api/git/diff/d08a4b6	1601433305508	1601433305735	KO	status.find.in(200,201,202,203,204,205,206,207,208,209,210), but actually found 304
REQUEST	18		Get commit /api/git/diff/d08a4b6	1601433305519	1601433305738	KO	status.find.in(200,201,202,203,204,205,206,207,208,209,210), but actually found 304
REQUEST	30		Get commit /api/git/diff/d08a4b6	1601433305565	1601433305776	KO	status.find.in(200,201,202,203,204,205,206,207,208,209,210), but actually found 304
USER	Account Load Simulation	15	END	1601433290749	1601433305845
REQUEST	24		Get commit /api/git/diff/d08a4b6	1601433305671	1601433305859	KO	status.find.in(200,201,202,203,204,205,206,207,208,209,210), but actually found 304
REQUEST	19		Get commit /api/git/diff/d08a4b6	1601433305797	1601433305942	KO	status.find.in(200,201,202,203,204,205,206,207,208,209,210), but actually found 304
USER	Account Load Simulation	17	END	1601433291752	1601433305959
REQUEST	26		Get commit /api/git/diff/d08a4b6	1601433306018	1601433306137	KO	status.find.in(200,201,202,203,204,205,206,207,208,209,210), but actually found 304
REQUEST	22		Get commit /api/git/diff/d08a4b6	1601433306265	1601433306527	KO	status.find.in(200,201,202,203,204,205,206,207,208,209,210), but actually found 304
REQUEST	27		Get commit /api/git/diff/d08a4b6	1601433306287	1601433306548	KO	status.find.in(200,201,202,203,204,205,206,207,208,209,210), but actually found 304
REQUEST	28		Get commit /api/git/diff/d08a4b6	1601433306265	1601433306568	KO	status.find.in(200,201,202,203,204,205,206,207,208,209,210), but actually found 304
REQUEST	25		Get commit /api/git/diff/d08a4b6	1601433306340	1601433306612	KO	status.find.in(200,201,202,203,204,205,206,207,208,209,210), but actually found 304
REQUEST	21		Get commit /api/git/diff/d08a4b6	1601433306345	1601433306613	KO	status.find.in(200,201,202,203,204,205,206,207,208,209,210), but actually found 304
REQUEST	29		Get commit /api/git/diff/d08a4b6	1601433306433	1601433306613	KO	status.find.in(200,201,202,203,204,205,206,207,208,209,210), but actually found 304
USER	Account Load Simulation	18	END	1601433292256	1601433306735
REQUEST	23		Get commit /api/git/diff/d08a4b6	1601433306724	1601433306913	KO	status.find.in(200,201,202,203,204,205,206,207,208,209,210), but actually found 304
REQUEST	20		Get commit /api/git/diff/d08a4b6	1601433306735	1601433306915	KO	status.find.in(200,201,202,203,204,205,206,207,208,209,210), but actually found 304
REQUEST	30		Get commit /api/git/diff/d08a4b6	1601433306784	1601433306927	KO	status.find.in(200,201,202,203,204,205,206,207,208,209,210), but actually found 304
USER	Account Load Simulation	19	END	1601433292755	1601433306934
REQUEST	24		Get commit /api/git/diff/d08a4b6	1601433306854	1601433306988	KO	status.find.in(200,201,202,203,204,205,206,207,208,209,210), but actually found 304
REQUEST	26		Get commit /api/git/diff/d08a4b6	1601433307150	1601433307322	KO	status.find.in(200,201,202,203,204,205,206,207,208,209,210), but actually found 304
REQUEST	22		Get commit /api/git/diff/d08a4b6	1601433307537	1601433307776	KO	status.find.in(200,201,202,203,204,205,206,207,208,209,210), but actually found 304
REQUEST	27		Get commit /api/git/diff/d08a4b6	1601433307548	1601433307877	KO	status.find.in(200,201,202,203,204,205,206,207,208,209,210), but actually found 304
REQUEST	28		Get commit /api/git/diff/d08a4b6	1601433307559	1601433307882	KO	status.find.in(200,201,202,203,204,205,206,207,208,209,210), but actually found 304
REQUEST	21		Get commit /api/git/diff/d08a4b6	1601433307605	1601433307883	KO	status.find.in(200,201,202,203,204,205,206,207,208,209,210), but actually found 304
REQUEST	25		Get commit /api/git/diff/d08a4b6	1601433307605	1601433307884	KO	status.find.in(200,201,202,203,204,205,206,207,208,209,210), but actually found 304
USER	Account Load Simulation	20	END	1601433293254	1601433307914
REQUEST	29		Get commit /api/git/diff/d08a4b6	1601433307605	1601433307915	KO	status.find.in(200,201,202,203,204,205,206,207,208,209,210), but actually found 304
REQUEST	23		Get commit /api/git/diff/d08a4b6	1601433307914	1601433308092	KO	status.find.in(200,201,202,203,204,205,206,207,208,209,210), but actually found 304
REQUEST	30		Get commit /api/git/diff/d08a4b6	1601433307914	1601433308096	KO	status.find.in(200,201,202,203,204,205,206,207,208,209,210), but actually found 304
REQUEST	24		Get commit /api/git/diff/d08a4b6	1601433307997	1601433308181	KO	status.find.in(200,201,202,203,204,205,206,207,208,209,210), but actually found 304
REQUEST	26		Get commit /api/git/diff/d08a4b6	1601433308318	1601433308442	KO	status.find.in(200,201,202,203,204,205,206,207,208,209,210), but actually found 304
USER	Account Load Simulation	22	END	1601433294257	1601433308765
USER	Account Load Simulation	21	END	1601433293753	1601433308884
REQUEST	27		Get commit /api/git/diff/d08a4b6	1601433308868	1601433309026	KO	status.find.in(200,201,202,203,204,205,206,207,208,209,210), but actually found 304
REQUEST	28		Get commit /api/git/diff/d08a4b6	1601433308884	1601433309038	KO	status.find.in(200,201,202,203,204,205,206,207,208,209,210), but actually found 304
REQUEST	25		Get commit /api/git/diff/d08a4b6	1601433308884	1601433309069	KO	status.find.in(200,201,202,203,204,205,206,207,208,209,210), but actually found 304
REQUEST	29		Get commit /api/git/diff/d08a4b6	1601433308927	1601433309079	KO	status.find.in(200,201,202,203,204,205,206,207,208,209,210), but actually found 304
USER	Account Load Simulation	23	END	1601433294754	1601433309084
USER	Account Load Simulation	24	END	1601433295281	1601433309164
REQUEST	30		Get commit /api/git/diff/d08a4b6	1601433309105	1601433309218	KO	status.find.in(200,201,202,203,204,205,206,207,208,209,210), but actually found 304
REQUEST	26		Get commit /api/git/diff/d08a4b6	1601433309434	1601433309583	KO	status.find.in(200,201,202,203,204,205,206,207,208,209,210), but actually found 304
USER	Account Load Simulation	25	END	1601433295765	1601433310075
REQUEST	27		Get commit /api/git/diff/d08a4b6	1601433310036	1601433310208	KO	status.find.in(200,201,202,203,204,205,206,207,208,209,210), but actually found 304
REQUEST	28		Get commit /api/git/diff/d08a4b6	1601433310047	1601433310217	KO	status.find.in(200,201,202,203,204,205,206,207,208,209,210), but actually found 304
REQUEST	29		Get commit /api/git/diff/d08a4b6	1601433310058	1601433310245	KO	status.find.in(200,201,202,203,204,205,206,207,208,209,210), but actually found 304
REQUEST	30		Get commit /api/git/diff/d08a4b6	1601433310217	1601433310366	KO	status.find.in(200,201,202,203,204,205,206,207,208,209,210), but actually found 304
USER	Account Load Simulation	26	END	1601433296260	1601433310590
USER	Account Load Simulation	27	END	1601433296761	1601433311207
USER	Account Load Simulation	28	END	1601433297257	1601433311218
USER	Account Load Simulation	29	END	1601433297748	1601433311266
USER	Account Load Simulation	30	END	1601433298250	1601433311369
