RUN	test.scala.simulations.SimulationGit	simulationgit	1601433200872	 	3.3.1
USER	Account Load Simulation	8	START	1601433205249	1601433205249
USER	Account Load Simulation	1	START	1601433205248	1601433205248
USER	Account Load Simulation	10	START	1601433205250	1601433205250
USER	Account Load Simulation	3	START	1601433205248	1601433205248
USER	Account Load Simulation	7	START	1601433205249	1601433205249
USER	Account Load Simulation	9	START	1601433205251	1601433205251
USER	Account Load Simulation	4	START	1601433205248	1601433205248
USER	Account Load Simulation	6	START	1601433205248	1601433205248
USER	Account Load Simulation	5	START	1601433205248	1601433205248
USER	Account Load Simulation	11	START	1601433205266	1601433205266
USER	Account Load Simulation	2	START	1601433205248	1601433205248
REQUEST	1		Get commit /api/git/diff/d08a4b6	1601433205312	1601433205673	OK	 
REQUEST	8		Get commit /api/git/diff/d08a4b6	1601433205311	1601433205691	OK	 
REQUEST	9		Get commit /api/git/diff/d08a4b6	1601433205311	1601433205720	OK	 
USER	Account Load Simulation	12	START	1601433205740	1601433205740
REQUEST	6		Get commit /api/git/diff/d08a4b6	1601433205314	1601433205771	OK	 
REQUEST	3		Get commit /api/git/diff/d08a4b6	1601433205311	1601433205771	OK	 
REQUEST	5		Get commit /api/git/diff/d08a4b6	1601433205313	1601433205778	OK	 
REQUEST	11		Get commit /api/git/diff/d08a4b6	1601433205314	1601433205793	OK	 
REQUEST	7		Get commit /api/git/diff/d08a4b6	1601433205313	1601433205795	OK	 
REQUEST	4		Get commit /api/git/diff/d08a4b6	1601433205312	1601433205824	OK	 
REQUEST	2		Get commit /api/git/diff/d08a4b6	1601433205315	1601433205837	OK	 
REQUEST	10		Get commit /api/git/diff/d08a4b6	1601433205313	1601433205854	OK	 
REQUEST	12		Get commit /api/git/diff/d08a4b6	1601433205741	1601433205902	OK	 
USER	Account Load Simulation	13	START	1601433206236	1601433206236
REQUEST	13		Get commit /api/git/diff/d08a4b6	1601433206238	1601433206383	OK	 
USER	Account Load Simulation	14	START	1601433206749	1601433206749
REQUEST	1		Get commit /api/git/diff/d08a4b6	1601433206701	1601433207067	OK	 
REQUEST	8		Get commit /api/git/diff/d08a4b6	1601433206712	1601433207120	OK	 
REQUEST	9		Get commit /api/git/diff/d08a4b6	1601433206749	1601433207141	OK	 
REQUEST	14		Get commit /api/git/diff/d08a4b6	1601433206749	1601433207150	OK	 
USER	Account Load Simulation	15	START	1601433207248	1601433207248
REQUEST	3		Get commit /api/git/diff/d08a4b6	1601433206805	1601433207336	OK	 
REQUEST	11		Get commit /api/git/diff/d08a4b6	1601433206806	1601433207349	OK	 
REQUEST	4		Get commit /api/git/diff/d08a4b6	1601433206838	1601433207381	OK	 
REQUEST	5		Get commit /api/git/diff/d08a4b6	1601433206806	1601433207412	OK	 
REQUEST	6		Get commit /api/git/diff/d08a4b6	1601433206805	1601433207435	OK	 
REQUEST	7		Get commit /api/git/diff/d08a4b6	1601433206806	1601433207446	OK	 
REQUEST	2		Get commit /api/git/diff/d08a4b6	1601433206858	1601433207469	OK	 
REQUEST	12		Get commit /api/git/diff/d08a4b6	1601433206935	1601433207472	OK	 
REQUEST	10		Get commit /api/git/diff/d08a4b6	1601433206875	1601433207478	OK	 
REQUEST	15		Get commit /api/git/diff/d08a4b6	1601433207249	1601433207597	OK	 
REQUEST	13		Get commit /api/git/diff/d08a4b6	1601433207399	1601433207597	OK	 
USER	Account Load Simulation	16	START	1601433207740	1601433207740
REQUEST	16		Get commit /api/git/diff/d08a4b6	1601433207742	1601433207919	OK	 
REQUEST	1		Get commit /api/git/diff/d08a4b6	1601433208066	1601433208182	KO	status.find.in(200,201,202,203,204,205,206,207,208,209,210), but actually found 304
USER	Account Load Simulation	17	START	1601433208242	1601433208242
REQUEST	8		Get commit /api/git/diff/d08a4b6	1601433208109	1601433208245	KO	status.find.in(200,201,202,203,204,205,206,207,208,209,210), but actually found 304
REQUEST	9		Get commit /api/git/diff/d08a4b6	1601433208147	1601433208301	KO	status.find.in(200,201,202,203,204,205,206,207,208,209,210), but actually found 304
REQUEST	14		Get commit /api/git/diff/d08a4b6	1601433208168	1601433208343	OK	 
REQUEST	17		Get commit /api/git/diff/d08a4b6	1601433208243	1601433208382	OK	 
REQUEST	3		Get commit /api/git/diff/d08a4b6	1601433208317	1601433208533	KO	status.find.in(200,201,202,203,204,205,206,207,208,209,210), but actually found 304
REQUEST	11		Get commit /api/git/diff/d08a4b6	1601433208350	1601433208585	KO	status.find.in(200,201,202,203,204,205,206,207,208,209,210), but actually found 304
REQUEST	4		Get commit /api/git/diff/d08a4b6	1601433208389	1601433208634	KO	status.find.in(200,201,202,203,204,205,206,207,208,209,210), but actually found 304
USER	Account Load Simulation	18	START	1601433208738	1601433208738
REQUEST	5		Get commit /api/git/diff/d08a4b6	1601433208414	1601433208762	KO	status.find.in(200,201,202,203,204,205,206,207,208,209,210), but actually found 304
REQUEST	12		Get commit /api/git/diff/d08a4b6	1601433208464	1601433208764	KO	status.find.in(200,201,202,203,204,205,206,207,208,209,210), but actually found 304
REQUEST	6		Get commit /api/git/diff/d08a4b6	1601433208416	1601433208765	KO	status.find.in(200,201,202,203,204,205,206,207,208,209,210), but actually found 304
REQUEST	7		Get commit /api/git/diff/d08a4b6	1601433208448	1601433208769	KO	status.find.in(200,201,202,203,204,205,206,207,208,209,210), but actually found 304
REQUEST	10		Get commit /api/git/diff/d08a4b6	1601433208475	1601433208771	KO	status.find.in(200,201,202,203,204,205,206,207,208,209,210), but actually found 304
REQUEST	2		Get commit /api/git/diff/d08a4b6	1601433208475	1601433208774	KO	status.find.in(200,201,202,203,204,205,206,207,208,209,210), but actually found 304
REQUEST	13		Get commit /api/git/diff/d08a4b6	1601433208599	1601433208834	KO	status.find.in(200,201,202,203,204,205,206,207,208,209,210), but actually found 304
REQUEST	15		Get commit /api/git/diff/d08a4b6	1601433208610	1601433208836	OK	 
REQUEST	18		Get commit /api/git/diff/d08a4b6	1601433208738	1601433208895	OK	 
REQUEST	16		Get commit /api/git/diff/d08a4b6	1601433208936	1601433209111	OK	 
USER	Account Load Simulation	19	START	1601433209237	1601433209237
REQUEST	1		Get commit /api/git/diff/d08a4b6	1601433209178	1601433209370	KO	status.find.in(200,201,202,203,204,205,206,207,208,209,210), but actually found 304
REQUEST	8		Get commit /api/git/diff/d08a4b6	1601433209248	1601433209412	KO	status.find.in(200,201,202,203,204,205,206,207,208,209,210), but actually found 304
REQUEST	19		Get commit /api/git/diff/d08a4b6	1601433209238	1601433209418	OK	 
REQUEST	9		Get commit /api/git/diff/d08a4b6	1601433209282	1601433209463	KO	status.find.in(200,201,202,203,204,205,206,207,208,209,210), but actually found 304
REQUEST	14		Get commit /api/git/diff/d08a4b6	1601433209351	1601433209514	KO	status.find.in(200,201,202,203,204,205,206,207,208,209,210), but actually found 304
REQUEST	17		Get commit /api/git/diff/d08a4b6	1601433209401	1601433209546	OK	 
REQUEST	3		Get commit /api/git/diff/d08a4b6	1601433209547	1601433209678	KO	status.find.in(200,201,202,203,204,205,206,207,208,209,210), but actually found 304
USER	Account Load Simulation	20	START	1601433209736	1601433209736
REQUEST	11		Get commit /api/git/diff/d08a4b6	1601433209601	1601433209755	KO	status.find.in(200,201,202,203,204,205,206,207,208,209,210), but actually found 304
REQUEST	4		Get commit /api/git/diff/d08a4b6	1601433209639	1601433209842	KO	status.find.in(200,201,202,203,204,205,206,207,208,209,210), but actually found 304
REQUEST	20		Get commit /api/git/diff/d08a4b6	1601433209736	1601433209998	OK	 
REQUEST	5		Get commit /api/git/diff/d08a4b6	1601433209757	1601433210104	KO	status.find.in(200,201,202,203,204,205,206,207,208,209,210), but actually found 304
REQUEST	12		Get commit /api/git/diff/d08a4b6	1601433209757	1601433210109	KO	status.find.in(200,201,202,203,204,205,206,207,208,209,210), but actually found 304
REQUEST	2		Get commit /api/git/diff/d08a4b6	1601433209771	1601433210209	KO	status.find.in(200,201,202,203,204,205,206,207,208,209,210), but actually found 304
REQUEST	6		Get commit /api/git/diff/d08a4b6	1601433209768	1601433210225	KO	status.find.in(200,201,202,203,204,205,206,207,208,209,210), but actually found 304
USER	Account Load Simulation	21	START	1601433210241	1601433210241
REQUEST	15		Get commit /api/git/diff/d08a4b6	1601433209841	1601433210279	KO	status.find.in(200,201,202,203,204,205,206,207,208,209,210), but actually found 304
REQUEST	10		Get commit /api/git/diff/d08a4b6	1601433209777	1601433210290	KO	status.find.in(200,201,202,203,204,205,206,207,208,209,210), but actually found 304
REQUEST	7		Get commit /api/git/diff/d08a4b6	1601433209777	1601433210327	KO	status.find.in(200,201,202,203,204,205,206,207,208,209,210), but actually found 304
REQUEST	13		Get commit /api/git/diff/d08a4b6	1601433209841	1601433210334	KO	status.find.in(200,201,202,203,204,205,206,207,208,209,210), but actually found 304
REQUEST	18		Get commit /api/git/diff/d08a4b6	1601433209923	1601433210335	OK	 
REQUEST	16		Get commit /api/git/diff/d08a4b6	1601433210120	1601433210405	KO	status.find.in(200,201,202,203,204,205,206,207,208,209,210), but actually found 304
REQUEST	21		Get commit /api/git/diff/d08a4b6	1601433210242	1601433210441	OK	 
REQUEST	1		Get commit /api/git/diff/d08a4b6	1601433210377	1601433210514	KO	status.find.in(200,201,202,203,204,205,206,207,208,209,210), but actually found 304
REQUEST	8		Get commit /api/git/diff/d08a4b6	1601433210417	1601433210624	KO	status.find.in(200,201,202,203,204,205,206,207,208,209,210), but actually found 304
REQUEST	19		Get commit /api/git/diff/d08a4b6	1601433210439	1601433210625	OK	 
REQUEST	9		Get commit /api/git/diff/d08a4b6	1601433210458	1601433210651	KO	status.find.in(200,201,202,203,204,205,206,207,208,209,210), but actually found 304
REQUEST	14		Get commit /api/git/diff/d08a4b6	1601433210511	1601433210696	KO	status.find.in(200,201,202,203,204,205,206,207,208,209,210), but actually found 304
REQUEST	17		Get commit /api/git/diff/d08a4b6	1601433210553	1601433210697	KO	status.find.in(200,201,202,203,204,205,206,207,208,209,210), but actually found 304
USER	Account Load Simulation	22	START	1601433210736	1601433210736
REQUEST	3		Get commit /api/git/diff/d08a4b6	1601433210678	1601433210873	KO	status.find.in(200,201,202,203,204,205,206,207,208,209,210), but actually found 304
REQUEST	11		Get commit /api/git/diff/d08a4b6	1601433210738	1601433210887	KO	status.find.in(200,201,202,203,204,205,206,207,208,209,210), but actually found 304
REQUEST	22		Get commit /api/git/diff/d08a4b6	1601433210737	1601433210887	OK	 
REQUEST	4		Get commit /api/git/diff/d08a4b6	1601433210834	1601433210956	KO	status.find.in(200,201,202,203,204,205,206,207,208,209,210), but actually found 304
REQUEST	20		Get commit /api/git/diff/d08a4b6	1601433211022	1601433211150	OK	 
REQUEST	5		Get commit /api/git/diff/d08a4b6	1601433211096	1601433211214	KO	status.find.in(200,201,202,203,204,205,206,207,208,209,210), but actually found 304
USER	Account Load Simulation	23	START	1601433211236	1601433211236
REQUEST	12		Get commit /api/git/diff/d08a4b6	1601433211106	1601433211266	KO	status.find.in(200,201,202,203,204,205,206,207,208,209,210), but actually found 304
REQUEST	6		Get commit /api/git/diff/d08a4b6	1601433211232	1601433211405	KO	status.find.in(200,201,202,203,204,205,206,207,208,209,210), but actually found 304
REQUEST	2		Get commit /api/git/diff/d08a4b6	1601433211198	1601433211408	KO	status.find.in(200,201,202,203,204,205,206,207,208,209,210), but actually found 304
REQUEST	23		Get commit /api/git/diff/d08a4b6	1601433211237	1601433211454	OK	 
REQUEST	15		Get commit /api/git/diff/d08a4b6	1601433211300	1601433211593	KO	status.find.in(200,201,202,203,204,205,206,207,208,209,210), but actually found 304
REQUEST	10		Get commit /api/git/diff/d08a4b6	1601433211287	1601433211596	KO	status.find.in(200,201,202,203,204,205,206,207,208,209,210), but actually found 304
REQUEST	18		Get commit /api/git/diff/d08a4b6	1601433211331	1601433211611	KO	status.find.in(200,201,202,203,204,205,206,207,208,209,210), but actually found 304
REQUEST	7		Get commit /api/git/diff/d08a4b6	1601433211319	1601433211740	KO	status.find.in(200,201,202,203,204,205,206,207,208,209,210), but actually found 304
USER	Account Load Simulation	24	START	1601433211743	1601433211743
REQUEST	13		Get commit /api/git/diff/d08a4b6	1601433211331	1601433211757	KO	status.find.in(200,201,202,203,204,205,206,207,208,209,210), but actually found 304
REQUEST	19		Get commit /api/git/diff/d08a4b6	1601433211624	1601433211818	KO	status.find.in(200,201,202,203,204,205,206,207,208,209,210), but actually found 304
REQUEST	16		Get commit /api/git/diff/d08a4b6	1601433211403	1601433211824	KO	status.find.in(200,201,202,203,204,205,206,207,208,209,210), but actually found 304
REQUEST	1		Get commit /api/git/diff/d08a4b6	1601433211511	1601433211826	KO	status.find.in(200,201,202,203,204,205,206,207,208,209,210), but actually found 304
REQUEST	21		Get commit /api/git/diff/d08a4b6	1601433211466	1601433211827	OK	 
REQUEST	8		Get commit /api/git/diff/d08a4b6	1601433211635	1601433211953	KO	status.find.in(200,201,202,203,204,205,206,207,208,209,210), but actually found 304
REQUEST	9		Get commit /api/git/diff/d08a4b6	1601433211672	1601433211981	KO	status.find.in(200,201,202,203,204,205,206,207,208,209,210), but actually found 304
REQUEST	17		Get commit /api/git/diff/d08a4b6	1601433211688	1601433212047	KO	status.find.in(200,201,202,203,204,205,206,207,208,209,210), but actually found 304
REQUEST	14		Get commit /api/git/diff/d08a4b6	1601433211687	1601433212061	KO	status.find.in(200,201,202,203,204,205,206,207,208,209,210), but actually found 304
REQUEST	24		Get commit /api/git/diff/d08a4b6	1601433211744	1601433212071	OK	 
REQUEST	3		Get commit /api/git/diff/d08a4b6	1601433211860	1601433212118	KO	status.find.in(200,201,202,203,204,205,206,207,208,209,210), but actually found 304
REQUEST	22		Get commit /api/git/diff/d08a4b6	1601433211912	1601433212159	OK	 
REQUEST	11		Get commit /api/git/diff/d08a4b6	1601433211900	1601433212193	KO	status.find.in(200,201,202,203,204,205,206,207,208,209,210), but actually found 304
REQUEST	4		Get commit /api/git/diff/d08a4b6	1601433211977	1601433212233	KO	status.find.in(200,201,202,203,204,205,206,207,208,209,210), but actually found 304
USER	Account Load Simulation	25	START	1601433212239	1601433212239
REQUEST	20		Get commit /api/git/diff/d08a4b6	1601433212151	1601433212320	KO	status.find.in(200,201,202,203,204,205,206,207,208,209,210), but actually found 304
REQUEST	5		Get commit /api/git/diff/d08a4b6	1601433212216	1601433212398	KO	status.find.in(200,201,202,203,204,205,206,207,208,209,210), but actually found 304
REQUEST	25		Get commit /api/git/diff/d08a4b6	1601433212240	1601433212400	OK	 
REQUEST	12		Get commit /api/git/diff/d08a4b6	1601433212267	1601433212442	KO	status.find.in(200,201,202,203,204,205,206,207,208,209,210), but actually found 304
REQUEST	6		Get commit /api/git/diff/d08a4b6	1601433212401	1601433212552	KO	status.find.in(200,201,202,203,204,205,206,207,208,209,210), but actually found 304
REQUEST	2		Get commit /api/git/diff/d08a4b6	1601433212406	1601433212587	KO	status.find.in(200,201,202,203,204,205,206,207,208,209,210), but actually found 304
REQUEST	23		Get commit /api/git/diff/d08a4b6	1601433212480	1601433212638	OK	 
USER	Account Load Simulation	26	START	1601433212739	1601433212739
REQUEST	15		Get commit /api/git/diff/d08a4b6	1601433212590	1601433212757	KO	status.find.in(200,201,202,203,204,205,206,207,208,209,210), but actually found 304
REQUEST	18		Get commit /api/git/diff/d08a4b6	1601433212606	1601433212784	KO	status.find.in(200,201,202,203,204,205,206,207,208,209,210), but actually found 304
REQUEST	10		Get commit /api/git/diff/d08a4b6	1601433212601	1601433212831	KO	status.find.in(200,201,202,203,204,205,206,207,208,209,210), but actually found 304
REQUEST	13		Get commit /api/git/diff/d08a4b6	1601433212756	1601433213070	KO	status.find.in(200,201,202,203,204,205,206,207,208,209,210), but actually found 304
REQUEST	7		Get commit /api/git/diff/d08a4b6	1601433212739	1601433213118	KO	status.find.in(200,201,202,203,204,205,206,207,208,209,210), but actually found 304
REQUEST	26		Get commit /api/git/diff/d08a4b6	1601433212739	1601433213120	OK	 
REQUEST	21		Get commit /api/git/diff/d08a4b6	1601433212821	1601433213133	KO	status.find.in(200,201,202,203,204,205,206,207,208,209,210), but actually found 304
REQUEST	1		Get commit /api/git/diff/d08a4b6	1601433212822	1601433213177	KO	status.find.in(200,201,202,203,204,205,206,207,208,209,210), but actually found 304
REQUEST	19		Get commit /api/git/diff/d08a4b6	1601433212821	1601433213214	KO	status.find.in(200,201,202,203,204,205,206,207,208,209,210), but actually found 304
REQUEST	16		Get commit /api/git/diff/d08a4b6	1601433212821	1601433213220	KO	status.find.in(200,201,202,203,204,205,206,207,208,209,210), but actually found 304
USER	Account Load Simulation	27	START	1601433213239	1601433213239
REQUEST	8		Get commit /api/git/diff/d08a4b6	1601433212942	1601433213295	KO	status.find.in(200,201,202,203,204,205,206,207,208,209,210), but actually found 304
REQUEST	9		Get commit /api/git/diff/d08a4b6	1601433212977	1601433213384	KO	status.find.in(200,201,202,203,204,205,206,207,208,209,210), but actually found 304
REQUEST	17		Get commit /api/git/diff/d08a4b6	1601433213061	1601433213513	KO	status.find.in(200,201,202,203,204,205,206,207,208,209,210), but actually found 304
REQUEST	24		Get commit /api/git/diff/d08a4b6	1601433213079	1601433213513	OK	 
REQUEST	14		Get commit /api/git/diff/d08a4b6	1601433213078	1601433213709	KO	status.find.in(200,201,202,203,204,205,206,207,208,209,210), but actually found 304
REQUEST	3		Get commit /api/git/diff/d08a4b6	1601433213120	1601433213720	KO	status.find.in(200,201,202,203,204,205,206,207,208,209,210), but actually found 304
USER	Account Load Simulation	28	START	1601433213764	1601433213764
REQUEST	4		Get commit /api/git/diff/d08a4b6	1601433213215	1601433213839	KO	status.find.in(200,201,202,203,204,205,206,207,208,209,210), but actually found 304
REQUEST	27		Get commit /api/git/diff/d08a4b6	1601433213240	1601433214065	OK	 
REQUEST	22		Get commit /api/git/diff/d08a4b6	1601433213164	1601433214069	KO	status.find.in(200,201,202,203,204,205,206,207,208,209,210), but actually found 304
REQUEST	20		Get commit /api/git/diff/d08a4b6	1601433213315	1601433214104	KO	status.find.in(200,201,202,203,204,205,206,207,208,209,210), but actually found 304
REQUEST	23		Get commit /api/git/diff/d08a4b6	1601433213634	1601433214106	KO	status.find.in(200,201,202,203,204,205,206,207,208,209,210), but actually found 304
REQUEST	5		Get commit /api/git/diff/d08a4b6	1601433213409	1601433214108	KO	status.find.in(200,201,202,203,204,205,206,207,208,209,210), but actually found 304
REQUEST	6		Get commit /api/git/diff/d08a4b6	1601433213553	1601433214111	KO	status.find.in(200,201,202,203,204,205,206,207,208,209,210), but actually found 304
REQUEST	25		Get commit /api/git/diff/d08a4b6	1601433213409	1601433214111	OK	 
REQUEST	11		Get commit /api/git/diff/d08a4b6	1601433213191	1601433214113	KO	status.find.in(200,201,202,203,204,205,206,207,208,209,210), but actually found 304
REQUEST	12		Get commit /api/git/diff/d08a4b6	1601433213477	1601433214114	KO	status.find.in(200,201,202,203,204,205,206,207,208,209,210), but actually found 304
REQUEST	15		Get commit /api/git/diff/d08a4b6	1601433213764	1601433214197	KO	status.find.in(200,201,202,203,204,205,206,207,208,209,210), but actually found 304
REQUEST	2		Get commit /api/git/diff/d08a4b6	1601433213621	1601433214201	KO	status.find.in(200,201,202,203,204,205,206,207,208,209,210), but actually found 304
REQUEST	18		Get commit /api/git/diff/d08a4b6	1601433213797	1601433214230	KO	status.find.in(200,201,202,203,204,205,206,207,208,209,210), but actually found 304
USER	Account Load Simulation	29	START	1601433214256	1601433214256
REQUEST	10		Get commit /api/git/diff/d08a4b6	1601433213831	1601433214477	KO	status.find.in(200,201,202,203,204,205,206,207,208,209,210), but actually found 304
REQUEST	13		Get commit /api/git/diff/d08a4b6	1601433214068	1601433214502	KO	status.find.in(200,201,202,203,204,205,206,207,208,209,210), but actually found 304
REQUEST	7		Get commit /api/git/diff/d08a4b6	1601433214118	1601433214517	KO	status.find.in(200,201,202,203,204,205,206,207,208,209,210), but actually found 304
REQUEST	28		Get commit /api/git/diff/d08a4b6	1601433213764	1601433214631	OK	 
REQUEST	26		Get commit /api/git/diff/d08a4b6	1601433214134	1601433214670	OK	 
REQUEST	21		Get commit /api/git/diff/d08a4b6	1601433214155	1601433214681	KO	status.find.in(200,201,202,203,204,205,206,207,208,209,210), but actually found 304
REQUEST	19		Get commit /api/git/diff/d08a4b6	1601433214198	1601433214709	KO	status.find.in(200,201,202,203,204,205,206,207,208,209,210), but actually found 304
REQUEST	16		Get commit /api/git/diff/d08a4b6	1601433214219	1601433214717	KO	status.find.in(200,201,202,203,204,205,206,207,208,209,210), but actually found 304
USER	Account Load Simulation	30	START	1601433214739	1601433214739
REQUEST	8		Get commit /api/git/diff/d08a4b6	1601433214324	1601433214741	KO	status.find.in(200,201,202,203,204,205,206,207,208,209,210), but actually found 304
REQUEST	1		Get commit /api/git/diff/d08a4b6	1601433214192	1601433214746	KO	status.find.in(200,201,202,203,204,205,206,207,208,209,210), but actually found 304
REQUEST	29		Get commit /api/git/diff/d08a4b6	1601433214257	1601433214748	OK	 
REQUEST	9		Get commit /api/git/diff/d08a4b6	1601433214404	1601433214783	KO	status.find.in(200,201,202,203,204,205,206,207,208,209,210), but actually found 304
REQUEST	17		Get commit /api/git/diff/d08a4b6	1601433214506	1601433214944	KO	status.find.in(200,201,202,203,204,205,206,207,208,209,210), but actually found 304
REQUEST	24		Get commit /api/git/diff/d08a4b6	1601433214544	1601433214998	KO	status.find.in(200,201,202,203,204,205,206,207,208,209,210), but actually found 304
REQUEST	14		Get commit /api/git/diff/d08a4b6	1601433214701	1601433215035	KO	status.find.in(200,201,202,203,204,205,206,207,208,209,210), but actually found 304
REQUEST	30		Get commit /api/git/diff/d08a4b6	1601433214739	1601433215070	OK	 
REQUEST	3		Get commit /api/git/diff/d08a4b6	1601433214717	1601433215073	KO	status.find.in(200,201,202,203,204,205,206,207,208,209,210), but actually found 304
REQUEST	4		Get commit /api/git/diff/d08a4b6	1601433214841	1601433215121	KO	status.find.in(200,201,202,203,204,205,206,207,208,209,210), but actually found 304
REQUEST	22		Get commit /api/git/diff/d08a4b6	1601433215070	1601433215364	KO	status.find.in(200,201,202,203,204,205,206,207,208,209,210), but actually found 304
REQUEST	20		Get commit /api/git/diff/d08a4b6	1601433215097	1601433215543	KO	status.find.in(200,201,202,203,204,205,206,207,208,209,210), but actually found 304
REQUEST	12		Get commit /api/git/diff/d08a4b6	1601433215082	1601433215750	KO	status.find.in(200,201,202,203,204,205,206,207,208,209,210), but actually found 304
REQUEST	5		Get commit /api/git/diff/d08a4b6	1601433215112	1601433215791	KO	status.find.in(200,201,202,203,204,205,206,207,208,209,210), but actually found 304
REQUEST	23		Get commit /api/git/diff/d08a4b6	1601433215111	1601433215847	KO	status.find.in(200,201,202,203,204,205,206,207,208,209,210), but actually found 304
REQUEST	11		Get commit /api/git/diff/d08a4b6	1601433215113	1601433215872	KO	status.find.in(200,201,202,203,204,205,206,207,208,209,210), but actually found 304
REQUEST	2		Get commit /api/git/diff/d08a4b6	1601433215207	1601433215884	KO	status.find.in(200,201,202,203,204,205,206,207,208,209,210), but actually found 304
REQUEST	27		Get commit /api/git/diff/d08a4b6	1601433215081	1601433215938	OK	 
REQUEST	15		Get commit /api/git/diff/d08a4b6	1601433215181	1601433215952	KO	status.find.in(200,201,202,203,204,205,206,207,208,209,210), but actually found 304
REQUEST	25		Get commit /api/git/diff/d08a4b6	1601433215127	1601433215981	KO	status.find.in(200,201,202,203,204,205,206,207,208,209,210), but actually found 304
REQUEST	6		Get commit /api/git/diff/d08a4b6	1601433215113	1601433215990	KO	status.find.in(200,201,202,203,204,205,206,207,208,209,210), but actually found 304
REQUEST	13		Get commit /api/git/diff/d08a4b6	1601433215516	1601433215995	KO	status.find.in(200,201,202,203,204,205,206,207,208,209,210), but actually found 304
REQUEST	7		Get commit /api/git/diff/d08a4b6	1601433215517	1601433215998	KO	status.find.in(200,201,202,203,204,205,206,207,208,209,210), but actually found 304
REQUEST	18		Get commit /api/git/diff/d08a4b6	1601433215209	1601433216009	KO	status.find.in(200,201,202,203,204,205,206,207,208,209,210), but actually found 304
REQUEST	10		Get commit /api/git/diff/d08a4b6	1601433215466	1601433216013	KO	status.find.in(200,201,202,203,204,205,206,207,208,209,210), but actually found 304
REQUEST	29		Get commit /api/git/diff/d08a4b6	1601433215757	1601433216557	OK	 
REQUEST	16		Get commit /api/git/diff/d08a4b6	1601433215718	1601433216638	KO	status.find.in(200,201,202,203,204,205,206,207,208,209,210), but actually found 304
REQUEST	9		Get commit /api/git/diff/d08a4b6	1601433215758	1601433216641	KO	status.find.in(200,201,202,203,204,205,206,207,208,209,210), but actually found 304
REQUEST	3		Get commit /api/git/diff/d08a4b6	1601433216086	1601433216644	KO	status.find.in(200,201,202,203,204,205,206,207,208,209,210), but actually found 304
REQUEST	1		Get commit /api/git/diff/d08a4b6	1601433215735	1601433216647	KO	status.find.in(200,201,202,203,204,205,206,207,208,209,210), but actually found 304
REQUEST	19		Get commit /api/git/diff/d08a4b6	1601433215733	1601433216651	KO	status.find.in(200,201,202,203,204,205,206,207,208,209,210), but actually found 304
REQUEST	8		Get commit /api/git/diff/d08a4b6	1601433215718	1601433216654	KO	status.find.in(200,201,202,203,204,205,206,207,208,209,210), but actually found 304
REQUEST	24		Get commit /api/git/diff/d08a4b6	1601433215978	1601433216657	KO	status.find.in(200,201,202,203,204,205,206,207,208,209,210), but actually found 304
REQUEST	26		Get commit /api/git/diff/d08a4b6	1601433215680	1601433216659	KO	status.find.in(200,201,202,203,204,205,206,207,208,209,210), but actually found 304
REQUEST	17		Get commit /api/git/diff/d08a4b6	1601433215941	1601433216662	KO	status.find.in(200,201,202,203,204,205,206,207,208,209,210), but actually found 304
REQUEST	28		Get commit /api/git/diff/d08a4b6	1601433215636	1601433216666	OK	 
REQUEST	14		Get commit /api/git/diff/d08a4b6	1601433216029	1601433216667	KO	status.find.in(200,201,202,203,204,205,206,207,208,209,210), but actually found 304
REQUEST	21		Get commit /api/git/diff/d08a4b6	1601433215658	1601433216671	KO	status.find.in(200,201,202,203,204,205,206,207,208,209,210), but actually found 304
REQUEST	4		Get commit /api/git/diff/d08a4b6	1601433216119	1601433216703	KO	status.find.in(200,201,202,203,204,205,206,207,208,209,210), but actually found 304
REQUEST	30		Get commit /api/git/diff/d08a4b6	1601433216086	1601433216770	OK	 
REQUEST	22		Get commit /api/git/diff/d08a4b6	1601433216371	1601433216803	KO	status.find.in(200,201,202,203,204,205,206,207,208,209,210), but actually found 304
REQUEST	20		Get commit /api/git/diff/d08a4b6	1601433216557	1601433216862	KO	status.find.in(200,201,202,203,204,205,206,207,208,209,210), but actually found 304
REQUEST	5		Get commit /api/git/diff/d08a4b6	1601433216771	1601433216942	KO	status.find.in(200,201,202,203,204,205,206,207,208,209,210), but actually found 304
REQUEST	12		Get commit /api/git/diff/d08a4b6	1601433216747	1601433216950	KO	status.find.in(200,201,202,203,204,205,206,207,208,209,210), but actually found 304
REQUEST	11		Get commit /api/git/diff/d08a4b6	1601433216858	1601433217270	KO	status.find.in(200,201,202,203,204,205,206,207,208,209,210), but actually found 304
REQUEST	23		Get commit /api/git/diff/d08a4b6	1601433216847	1601433217323	KO	status.find.in(200,201,202,203,204,205,206,207,208,209,210), but actually found 304
REQUEST	2		Get commit /api/git/diff/d08a4b6	1601433216859	1601433217367	KO	status.find.in(200,201,202,203,204,205,206,207,208,209,210), but actually found 304
REQUEST	27		Get commit /api/git/diff/d08a4b6	1601433216938	1601433217447	KO	status.find.in(200,201,202,203,204,205,206,207,208,209,210), but actually found 304
REQUEST	13		Get commit /api/git/diff/d08a4b6	1601433216978	1601433217458	KO	status.find.in(200,201,202,203,204,205,206,207,208,209,210), but actually found 304
REQUEST	7		Get commit /api/git/diff/d08a4b6	1601433216998	1601433217460	KO	status.find.in(200,201,202,203,204,205,206,207,208,209,210), but actually found 304
REQUEST	18		Get commit /api/git/diff/d08a4b6	1601433217022	1601433217463	KO	status.find.in(200,201,202,203,204,205,206,207,208,209,210), but actually found 304
REQUEST	6		Get commit /api/git/diff/d08a4b6	1601433216998	1601433217465	KO	status.find.in(200,201,202,203,204,205,206,207,208,209,210), but actually found 304
REQUEST	15		Get commit /api/git/diff/d08a4b6	1601433216959	1601433217512	KO	status.find.in(200,201,202,203,204,205,206,207,208,209,210), but actually found 304
REQUEST	10		Get commit /api/git/diff/d08a4b6	1601433217022	1601433217517	KO	status.find.in(200,201,202,203,204,205,206,207,208,209,210), but actually found 304
REQUEST	25		Get commit /api/git/diff/d08a4b6	1601433216976	1601433217519	KO	status.find.in(200,201,202,203,204,205,206,207,208,209,210), but actually found 304
REQUEST	29		Get commit /api/git/diff/d08a4b6	1601433217566	1601433217865	KO	status.find.in(200,201,202,203,204,205,206,207,208,209,210), but actually found 304
REQUEST	16		Get commit /api/git/diff/d08a4b6	1601433217631	1601433218013	KO	status.find.in(200,201,202,203,204,205,206,207,208,209,210), but actually found 304
REQUEST	3		Get commit /api/git/diff/d08a4b6	1601433217636	1601433218021	KO	status.find.in(200,201,202,203,204,205,206,207,208,209,210), but actually found 304
REQUEST	8		Get commit /api/git/diff/d08a4b6	1601433217649	1601433218148	KO	status.find.in(200,201,202,203,204,205,206,207,208,209,210), but actually found 304
REQUEST	19		Get commit /api/git/diff/d08a4b6	1601433217648	1601433218216	KO	status.find.in(200,201,202,203,204,205,206,207,208,209,210), but actually found 304
REQUEST	1		Get commit /api/git/diff/d08a4b6	1601433217648	1601433218287	KO	status.find.in(200,201,202,203,204,205,206,207,208,209,210), but actually found 304
REQUEST	9		Get commit /api/git/diff/d08a4b6	1601433217636	1601433218289	KO	status.find.in(200,201,202,203,204,205,206,207,208,209,210), but actually found 304
REQUEST	28		Get commit /api/git/diff/d08a4b6	1601433217694	1601433218291	KO	status.find.in(200,201,202,203,204,205,206,207,208,209,210), but actually found 304
REQUEST	4		Get commit /api/git/diff/d08a4b6	1601433217697	1601433218477	KO	status.find.in(200,201,202,203,204,205,206,207,208,209,210), but actually found 304
REQUEST	26		Get commit /api/git/diff/d08a4b6	1601433217664	1601433218510	KO	status.find.in(200,201,202,203,204,205,206,207,208,209,210), but actually found 304
REQUEST	24		Get commit /api/git/diff/d08a4b6	1601433217664	1601433218592	KO	status.find.in(200,201,202,203,204,205,206,207,208,209,210), but actually found 304
REQUEST	5		Get commit /api/git/diff/d08a4b6	1601433217960	1601433218766	KO	status.find.in(200,201,202,203,204,205,206,207,208,209,210), but actually found 304
REQUEST	17		Get commit /api/git/diff/d08a4b6	1601433217664	1601433218773	KO	status.find.in(200,201,202,203,204,205,206,207,208,209,210), but actually found 304
REQUEST	30		Get commit /api/git/diff/d08a4b6	1601433217768	1601433218782	KO	status.find.in(200,201,202,203,204,205,206,207,208,209,210), but actually found 304
REQUEST	14		Get commit /api/git/diff/d08a4b6	1601433217666	1601433218782	KO	status.find.in(200,201,202,203,204,205,206,207,208,209,210), but actually found 304
REQUEST	22		Get commit /api/git/diff/d08a4b6	1601433217793	1601433218786	KO	status.find.in(200,201,202,203,204,205,206,207,208,209,210), but actually found 304
REQUEST	21		Get commit /api/git/diff/d08a4b6	1601433217694	1601433218811	KO	status.find.in(200,201,202,203,204,205,206,207,208,209,210), but actually found 304
REQUEST	20		Get commit /api/git/diff/d08a4b6	1601433217856	1601433218874	KO	status.find.in(200,201,202,203,204,205,206,207,208,209,210), but actually found 304
REQUEST	12		Get commit /api/git/diff/d08a4b6	1601433217961	1601433218960	KO	status.find.in(200,201,202,203,204,205,206,207,208,209,210), but actually found 304
USER	Account Load Simulation	3	END	1601433205248	1601433219041
USER	Account Load Simulation	8	END	1601433205249	1601433219179
REQUEST	23		Get commit /api/git/diff/d08a4b6	1601433218326	1601433219224	KO	status.find.in(200,201,202,203,204,205,206,207,208,209,210), but actually found 304
USER	Account Load Simulation	1	END	1601433205248	1601433219292
USER	Account Load Simulation	9	END	1601433205251	1601433219299
REQUEST	11		Get commit /api/git/diff/d08a4b6	1601433218300	1601433219359	KO	status.find.in(200,201,202,203,204,205,206,207,208,209,210), but actually found 304
REQUEST	15		Get commit /api/git/diff/d08a4b6	1601433218501	1601433219457	KO	status.find.in(200,201,202,203,204,205,206,207,208,209,210), but actually found 304
REQUEST	2		Get commit /api/git/diff/d08a4b6	1601433218397	1601433219465	KO	status.find.in(200,201,202,203,204,205,206,207,208,209,210), but actually found 304
REQUEST	13		Get commit /api/git/diff/d08a4b6	1601433218472	1601433219472	KO	status.find.in(200,201,202,203,204,205,206,207,208,209,210), but actually found 304
REQUEST	10		Get commit /api/git/diff/d08a4b6	1601433218526	1601433219476	KO	status.find.in(200,201,202,203,204,205,206,207,208,209,210), but actually found 304
REQUEST	25		Get commit /api/git/diff/d08a4b6	1601433218526	1601433219480	KO	status.find.in(200,201,202,203,204,205,206,207,208,209,210), but actually found 304
USER	Account Load Simulation	4	END	1601433205248	1601433219496
USER	Account Load Simulation	5	END	1601433205248	1601433219774
REQUEST	27		Get commit /api/git/diff/d08a4b6	1601433218471	1601433219801	KO	status.find.in(200,201,202,203,204,205,206,207,208,209,210), but actually found 304
REQUEST	18		Get commit /api/git/diff/d08a4b6	1601433218449	1601433219818	KO	status.find.in(200,201,202,203,204,205,206,207,208,209,210), but actually found 304
REQUEST	16		Get commit /api/git/diff/d08a4b6	1601433219037	1601433219841	KO	status.find.in(200,201,202,203,204,205,206,207,208,209,210), but actually found 304
REQUEST	7		Get commit /api/git/diff/d08a4b6	1601433218473	1601433219920	KO	status.find.in(200,201,202,203,204,205,206,207,208,209,210), but actually found 304
REQUEST	6		Get commit /api/git/diff/d08a4b6	1601433218450	1601433219923	KO	status.find.in(200,201,202,203,204,205,206,207,208,209,210), but actually found 304
REQUEST	29		Get commit /api/git/diff/d08a4b6	1601433218867	1601433219982	KO	status.find.in(200,201,202,203,204,205,206,207,208,209,210), but actually found 304
USER	Account Load Simulation	12	END	1601433205740	1601433219992
USER	Account Load Simulation	11	END	1601433205266	1601433220513
USER	Account Load Simulation	2	END	1601433205248	1601433220514
USER	Account Load Simulation	10	END	1601433205250	1601433220516
USER	Account Load Simulation	13	END	1601433206236	1601433220517
REQUEST	28		Get commit /api/git/diff/d08a4b6	1601433219281	1601433220683	KO	status.find.in(200,201,202,203,204,205,206,207,208,209,210), but actually found 304
REQUEST	19		Get commit /api/git/diff/d08a4b6	1601433219224	1601433220700	KO	status.find.in(200,201,202,203,204,205,206,207,208,209,210), but actually found 304
REQUEST	14		Get commit /api/git/diff/d08a4b6	1601433219797	1601433220806	KO	status.find.in(200,201,202,203,204,205,206,207,208,209,210), but actually found 304
REQUEST	21		Get commit /api/git/diff/d08a4b6	1601433219798	1601433220827	KO	status.find.in(200,201,202,203,204,205,206,207,208,209,210), but actually found 304
REQUEST	26		Get commit /api/git/diff/d08a4b6	1601433219533	1601433220830	KO	status.find.in(200,201,202,203,204,205,206,207,208,209,210), but actually found 304
REQUEST	22		Get commit /api/git/diff/d08a4b6	1601433219776	1601433220836	KO	status.find.in(200,201,202,203,204,205,206,207,208,209,210), but actually found 304
USER	Account Load Simulation	7	END	1601433205249	1601433220922
USER	Account Load Simulation	6	END	1601433205248	1601433220930
REQUEST	30		Get commit /api/git/diff/d08a4b6	1601433219797	1601433220952	KO	status.find.in(200,201,202,203,204,205,206,207,208,209,210), but actually found 304
REQUEST	23		Get commit /api/git/diff/d08a4b6	1601433220232	1601433220964	KO	status.find.in(200,201,202,203,204,205,206,207,208,209,210), but actually found 304
REQUEST	24		Get commit /api/git/diff/d08a4b6	1601433219607	1601433220969	KO	status.find.in(200,201,202,203,204,205,206,207,208,209,210), but actually found 304
REQUEST	20		Get commit /api/git/diff/d08a4b6	1601433219933	1601433220979	KO	status.find.in(200,201,202,203,204,205,206,207,208,209,210), but actually found 304
REQUEST	17		Get commit /api/git/diff/d08a4b6	1601433219775	1601433221053	KO	status.find.in(200,201,202,203,204,205,206,207,208,209,210), but actually found 304
REQUEST	27		Get commit /api/git/diff/d08a4b6	1601433220787	1601433221055	KO	status.find.in(200,201,202,203,204,205,206,207,208,209,210), but actually found 304
REQUEST	15		Get commit /api/git/diff/d08a4b6	1601433220514	1601433221060	KO	status.find.in(200,201,202,203,204,205,206,207,208,209,210), but actually found 304
REQUEST	25		Get commit /api/git/diff/d08a4b6	1601433220518	1601433221063	KO	status.find.in(200,201,202,203,204,205,206,207,208,209,210), but actually found 304
REQUEST	18		Get commit /api/git/diff/d08a4b6	1601433220833	1601433221161	KO	status.find.in(200,201,202,203,204,205,206,207,208,209,210), but actually found 304
REQUEST	16		Get commit /api/git/diff/d08a4b6	1601433220846	1601433221367	KO	status.find.in(200,201,202,203,204,205,206,207,208,209,210), but actually found 304
REQUEST	29		Get commit /api/git/diff/d08a4b6	1601433220979	1601433221380	KO	status.find.in(200,201,202,203,204,205,206,207,208,209,210), but actually found 304
REQUEST	28		Get commit /api/git/diff/d08a4b6	1601433221668	1601433221789	KO	status.find.in(200,201,202,203,204,205,206,207,208,209,210), but actually found 304
USER	Account Load Simulation	14	END	1601433206749	1601433221798
REQUEST	19		Get commit /api/git/diff/d08a4b6	1601433221690	1601433221809	KO	status.find.in(200,201,202,203,204,205,206,207,208,209,210), but actually found 304
REQUEST	26		Get commit /api/git/diff/d08a4b6	1601433221787	1601433221948	KO	status.find.in(200,201,202,203,204,205,206,207,208,209,210), but actually found 304
USER	Account Load Simulation	15	END	1601433207248	1601433222006
REQUEST	22		Get commit /api/git/diff/d08a4b6	1601433221842	1601433222036	KO	status.find.in(200,201,202,203,204,205,206,207,208,209,210), but actually found 304
REQUEST	21		Get commit /api/git/diff/d08a4b6	1601433221820	1601433222044	KO	status.find.in(200,201,202,203,204,205,206,207,208,209,210), but actually found 304
REQUEST	20		Get commit /api/git/diff/d08a4b6	1601433221920	1601433222212	KO	status.find.in(200,201,202,203,204,205,206,207,208,209,210), but actually found 304
REQUEST	24		Get commit /api/git/diff/d08a4b6	1601433221936	1601433222281	KO	status.find.in(200,201,202,203,204,205,206,207,208,209,210), but actually found 304
REQUEST	25		Get commit /api/git/diff/d08a4b6	1601433222016	1601433222282	KO	status.find.in(200,201,202,203,204,205,206,207,208,209,210), but actually found 304
USER	Account Load Simulation	16	END	1601433207740	1601433222339
REQUEST	23		Get commit /api/git/diff/d08a4b6	1601433221946	1601433222377	KO	status.find.in(200,201,202,203,204,205,206,207,208,209,210), but actually found 304
REQUEST	30		Get commit /api/git/diff/d08a4b6	1601433221946	1601433222381	KO	status.find.in(200,201,202,203,204,205,206,207,208,209,210), but actually found 304
REQUEST	17		Get commit /api/git/diff/d08a4b6	1601433222074	1601433222383	KO	status.find.in(200,201,202,203,204,205,206,207,208,209,210), but actually found 304
REQUEST	27		Get commit /api/git/diff/d08a4b6	1601433222074	1601433222384	KO	status.find.in(200,201,202,203,204,205,206,207,208,209,210), but actually found 304
REQUEST	18		Get commit /api/git/diff/d08a4b6	1601433222156	1601433222467	KO	status.find.in(200,201,202,203,204,205,206,207,208,209,210), but actually found 304
REQUEST	29		Get commit /api/git/diff/d08a4b6	1601433222387	1601433222546	KO	status.find.in(200,201,202,203,204,205,206,207,208,209,210), but actually found 304
REQUEST	28		Get commit /api/git/diff/d08a4b6	1601433222809	1601433223014	KO	status.find.in(200,201,202,203,204,205,206,207,208,209,210), but actually found 304
REQUEST	19		Get commit /api/git/diff/d08a4b6	1601433222809	1601433223015	KO	status.find.in(200,201,202,203,204,205,206,207,208,209,210), but actually found 304
REQUEST	26		Get commit /api/git/diff/d08a4b6	1601433222969	1601433223141	KO	status.find.in(200,201,202,203,204,205,206,207,208,209,210), but actually found 304
REQUEST	22		Get commit /api/git/diff/d08a4b6	1601433223029	1601433223160	KO	status.find.in(200,201,202,203,204,205,206,207,208,209,210), but actually found 304
REQUEST	21		Get commit /api/git/diff/d08a4b6	1601433223056	1601433223188	KO	status.find.in(200,201,202,203,204,205,206,207,208,209,210), but actually found 304
REQUEST	20		Get commit /api/git/diff/d08a4b6	1601433223210	1601433223355	KO	status.find.in(200,201,202,203,204,205,206,207,208,209,210), but actually found 304
USER	Account Load Simulation	17	END	1601433208242	1601433223358
USER	Account Load Simulation	18	END	1601433208738	1601433223471
REQUEST	25		Get commit /api/git/diff/d08a4b6	1601433223281	1601433223495	KO	status.find.in(200,201,202,203,204,205,206,207,208,209,210), but actually found 304
REQUEST	24		Get commit /api/git/diff/d08a4b6	1601433223286	1601433223501	KO	status.find.in(200,201,202,203,204,205,206,207,208,209,210), but actually found 304
REQUEST	27		Get commit /api/git/diff/d08a4b6	1601433223358	1601433223566	KO	status.find.in(200,201,202,203,204,205,206,207,208,209,210), but actually found 304
REQUEST	30		Get commit /api/git/diff/d08a4b6	1601433223383	1601433223600	KO	status.find.in(200,201,202,203,204,205,206,207,208,209,210), but actually found 304
REQUEST	23		Get commit /api/git/diff/d08a4b6	1601433223388	1601433223620	KO	status.find.in(200,201,202,203,204,205,206,207,208,209,210), but actually found 304
REQUEST	29		Get commit /api/git/diff/d08a4b6	1601433223536	1601433223658	KO	status.find.in(200,201,202,203,204,205,206,207,208,209,210), but actually found 304
USER	Account Load Simulation	19	END	1601433209237	1601433224009
REQUEST	28		Get commit /api/git/diff/d08a4b6	1601433224009	1601433224154	KO	status.find.in(200,201,202,203,204,205,206,207,208,209,210), but actually found 304
REQUEST	26		Get commit /api/git/diff/d08a4b6	1601433224141	1601433224317	KO	status.find.in(200,201,202,203,204,205,206,207,208,209,210), but actually found 304
USER	Account Load Simulation	20	END	1601433209736	1601433224358
REQUEST	22		Get commit /api/git/diff/d08a4b6	1601433224168	1601433224381	KO	status.find.in(200,201,202,203,204,205,206,207,208,209,210), but actually found 304
REQUEST	21		Get commit /api/git/diff/d08a4b6	1601433224178	1601433224419	KO	status.find.in(200,201,202,203,204,205,206,207,208,209,210), but actually found 304
REQUEST	24		Get commit /api/git/diff/d08a4b6	1601433224509	1601433224645	KO	status.find.in(200,201,202,203,204,205,206,207,208,209,210), but actually found 304
REQUEST	25		Get commit /api/git/diff/d08a4b6	1601433224498	1601433224661	KO	status.find.in(200,201,202,203,204,205,206,207,208,209,210), but actually found 304
REQUEST	27		Get commit /api/git/diff/d08a4b6	1601433224569	1601433224792	KO	status.find.in(200,201,202,203,204,205,206,207,208,209,210), but actually found 304
REQUEST	23		Get commit /api/git/diff/d08a4b6	1601433224620	1601433224922	KO	status.find.in(200,201,202,203,204,205,206,207,208,209,210), but actually found 304
REQUEST	29		Get commit /api/git/diff/d08a4b6	1601433224670	1601433224925	KO	status.find.in(200,201,202,203,204,205,206,207,208,209,210), but actually found 304
REQUEST	30		Get commit /api/git/diff/d08a4b6	1601433224587	1601433224925	KO	status.find.in(200,201,202,203,204,205,206,207,208,209,210), but actually found 304
REQUEST	28		Get commit /api/git/diff/d08a4b6	1601433225147	1601433225283	KO	status.find.in(200,201,202,203,204,205,206,207,208,209,210), but actually found 304
USER	Account Load Simulation	22	END	1601433210736	1601433225378
USER	Account Load Simulation	21	END	1601433210241	1601433225416
REQUEST	26		Get commit /api/git/diff/d08a4b6	1601433225308	1601433225422	KO	status.find.in(200,201,202,203,204,205,206,207,208,209,210), but actually found 304
REQUEST	24		Get commit /api/git/diff/d08a4b6	1601433225637	1601433225794	KO	status.find.in(200,201,202,203,204,205,206,207,208,209,210), but actually found 304
REQUEST	25		Get commit /api/git/diff/d08a4b6	1601433225659	1601433225832	KO	status.find.in(200,201,202,203,204,205,206,207,208,209,210), but actually found 304
USER	Account Load Simulation	23	END	1601433211236	1601433225901
REQUEST	27		Get commit /api/git/diff/d08a4b6	1601433225787	1601433225902	KO	status.find.in(200,201,202,203,204,205,206,207,208,209,210), but actually found 304
REQUEST	29		Get commit /api/git/diff/d08a4b6	1601433225906	1601433226021	KO	status.find.in(200,201,202,203,204,205,206,207,208,209,210), but actually found 304
REQUEST	30		Get commit /api/git/diff/d08a4b6	1601433225938	1601433226065	KO	status.find.in(200,201,202,203,204,205,206,207,208,209,210), but actually found 304
REQUEST	28		Get commit /api/git/diff/d08a4b6	1601433226287	1601433226420	KO	status.find.in(200,201,202,203,204,205,206,207,208,209,210), but actually found 304
REQUEST	26		Get commit /api/git/diff/d08a4b6	1601433226416	1601433226546	KO	status.find.in(200,201,202,203,204,205,206,207,208,209,210), but actually found 304
USER	Account Load Simulation	24	END	1601433211743	1601433226799
USER	Account Load Simulation	25	END	1601433212239	1601433226832
REQUEST	27		Get commit /api/git/diff/d08a4b6	1601433226901	1601433227060	KO	status.find.in(200,201,202,203,204,205,206,207,208,209,210), but actually found 304
REQUEST	29		Get commit /api/git/diff/d08a4b6	1601433227038	1601433227210	KO	status.find.in(200,201,202,203,204,205,206,207,208,209,210), but actually found 304
REQUEST	30		Get commit /api/git/diff/d08a4b6	1601433227060	1601433227210	KO	status.find.in(200,201,202,203,204,205,206,207,208,209,210), but actually found 304
USER	Account Load Simulation	26	END	1601433212739	1601433227558
REQUEST	28		Get commit /api/git/diff/d08a4b6	1601433227429	1601433227571	KO	status.find.in(200,201,202,203,204,205,206,207,208,209,210), but actually found 304
USER	Account Load Simulation	27	END	1601433213239	1601433228058
USER	Account Load Simulation	29	END	1601433214256	1601433228210
REQUEST	30		Get commit /api/git/diff/d08a4b6	1601433228221	1601433228365	KO	status.find.in(200,201,202,203,204,205,206,207,208,209,210), but actually found 304
USER	Account Load Simulation	28	END	1601433213764	1601433228570
USER	Account Load Simulation	30	END	1601433214739	1601433229358
